[ 2018-07-10T00:15:45+08:00 ] 14.16.149.155 /
INFO: [ app_init ] --START--
INFO: Run Behavior\BuildLiteBehavior [ RunTime:0.000007s ]
INFO: [ app_init ] --END-- [ RunTime:0.000185s ]
INFO: [ app_begin ] --START--
INFO: Run Behavior\ReadHtmlCacheBehavior [ RunTime:0.000246s ]
INFO: [ app_begin ] --END-- [ RunTime:0.000267s ]
NOTIC: [8] session_start(): A session had already been started - ignoring /data/www/qxc/ThinkPHP/Common/functions.php 第 1263 行.

[ 2018-07-10T00:15:45+08:00 ] 14.16.149.155 /Login/index
INFO: [ app_init ] --START--
INFO: Run Behavior\BuildLiteBehavior [ RunTime:0.000009s ]
INFO: [ app_init ] --END-- [ RunTime:0.000222s ]
INFO: [ app_begin ] --START--
INFO: Run Behavior\ReadHtmlCacheBehavior [ RunTime:0.000377s ]
INFO: [ app_begin ] --END-- [ RunTime:0.000425s ]
NOTIC: [8] session_start(): A session had already been started - ignoring /data/www/qxc/ThinkPHP/Common/functions.php 第 1263 行.
INFO: [ view_parse ] --START--
INFO: [ template_filter ] --START--
INFO: Run Behavior\ContentReplaceBehavior [ RunTime:0.000042s ]
INFO: [ template_filter ] --END-- [ RunTime:0.000066s ]
INFO: Run Behavior\ParseTemplateBehavior [ RunTime:0.003126s ]
INFO: [ view_parse ] --END-- [ RunTime:0.003144s ]
INFO: [ view_filter ] --START--
INFO: Run Behavior\WriteHtmlCacheBehavior [ RunTime:0.000103s ]
INFO: [ view_filter ] --END-- [ RunTime:0.000117s ]
INFO: [ app_end ] --START--
INFO: Run Behavior\ShowPageTraceBehavior [ RunTime:0.000312s ]
INFO: [ app_end ] --END-- [ RunTime:0.000356s ]

[ 2018-07-10T00:15:46+08:00 ] 14.16.149.155 /Public/images/favicon.ico
INFO: [ app_init ] --START--
INFO: Run Behavior\BuildLiteBehavior [ RunTime:0.000008s ]
INFO: [ app_init ] --END-- [ RunTime:0.000252s ]

[ 2018-07-10T00:16:08+08:00 ] 14.16.149.155 /Login/register
INFO: [ app_init ] --START--
INFO: Run Behavior\BuildLiteBehavior [ RunTime:0.000010s ]
INFO: [ app_init ] --END-- [ RunTime:0.000285s ]
INFO: [ app_begin ] --START--
INFO: Run Behavior\ReadHtmlCacheBehavior [ RunTime:0.000299s ]
INFO: [ app_begin ] --END-- [ RunTime:0.000323s ]
NOTIC: [8] session_start(): A session had already been started - ignoring /data/www/qxc/ThinkPHP/Common/functions.php 第 1263 行.
SQL: SHOW COLUMNS FROM `k_user` [ RunTime:0.0009s ]
SQL: SELECT * FROM `k_user` WHERE `username` = 'fc004' LIMIT 1   [ RunTime:0.0006s ]
SQL: SHOW COLUMNS FROM `k_opentime` [ RunTime:0.0005s ]
SQL: SELECT * FROM `k_opentime` ORDER BY id desc LIMIT 1   [ RunTime:0.0002s ]
SQL: UPDATE `k_user` SET `usession`='b2c14c1e3984dc42a948f5592b203e4b' WHERE `uid` = 2 [ RunTime:0.0038s ]
INFO: [ app_end ] --START--
INFO: Run Behavior\ShowPageTraceBehavior [ RunTime:0.000450s ]
INFO: [ app_end ] --END-- [ RunTime:0.000472s ]

[ 2018-07-10T00:16:08+08:00 ] 14.16.149.155 /Index/rule
INFO: [ app_init ] --START--
INFO: Run Behavior\BuildLiteBehavior [ RunTime:0.000008s ]
INFO: [ app_init ] --END-- [ RunTime:0.000237s ]
INFO: [ app_begin ] --START--
INFO: Run Behavior\ReadHtmlCacheBehavior [ RunTime:0.000267s ]
INFO: [ app_begin ] --END-- [ RunTime:0.000294s ]
NOTIC: [8] session_start(): A session had already been started - ignoring /data/www/qxc/ThinkPHP/Common/functions.php 第 1263 行.
SQL: SHOW COLUMNS FROM `k_user` [ RunTime:0.0008s ]
SQL: SELECT `usession` FROM `k_user` WHERE `uid` = 2 LIMIT 1   [ RunTime:0.0002s ]
SQL: SHOW COLUMNS FROM `k_opentime` [ RunTime:0.0004s ]
SQL: SELECT `m_status`,`fengpan`,`kaijiang` FROM `k_opentime` WHERE `qishu` = 18079 ORDER BY id desc LIMIT 1   [ RunTime:0.0002s ]
NOTIC: [8] Undefined variable: time2 /data/www/qxc/App/Home/Common/function.php 第 51 行.
NOTIC: [8] Undefined variable: titles2 /data/www/qxc/App/Home/Common/function.php 第 51 行.
INFO: [ view_parse ] --START--
INFO: [ template_filter ] --START--
INFO: Run Behavior\ContentReplaceBehavior [ RunTime:0.000041s ]
INFO: [ template_filter ] --END-- [ RunTime:0.000063s ]
INFO: Run Behavior\ParseTemplateBehavior [ RunTime:0.003728s ]
INFO: [ view_parse ] --END-- [ RunTime:0.003749s ]
INFO: [ view_filter ] --START--
INFO: Run Behavior\WriteHtmlCacheBehavior [ RunTime:0.000104s ]
INFO: [ view_filter ] --END-- [ RunTime:0.000121s ]
INFO: [ app_end ] --START--
INFO: Run Behavior\ShowPageTraceBehavior [ RunTime:0.000306s ]
INFO: [ app_end ] --END-- [ RunTime:0.000327s ]

[ 2018-07-10T00:16:08+08:00 ] 14.16.149.155 /favicon.ico
INFO: [ app_init ] --START--
INFO: Run Behavior\BuildLiteBehavior [ RunTime:0.000008s ]
INFO: [ app_init ] --END-- [ RunTime:0.000211s ]

[ 2018-07-10T00:16:12+08:00 ] 14.16.149.155 /Index/index
INFO: [ app_init ] --START--
INFO: Run Behavior\BuildLiteBehavior [ RunTime:0.000009s ]
INFO: [ app_init ] --END-- [ RunTime:0.000191s ]
INFO: [ app_begin ] --START--
INFO: Run Behavior\ReadHtmlCacheBehavior [ RunTime:0.000249s ]
INFO: [ app_begin ] --END-- [ RunTime:0.000270s ]
NOTIC: [8] session_start(): A session had already been started - ignoring /data/www/qxc/ThinkPHP/Common/functions.php 第 1263 行.
SQL: SHOW COLUMNS FROM `k_user` [ RunTime:0.0007s ]
SQL: SELECT `usession` FROM `k_user` WHERE `uid` = 2 LIMIT 1   [ RunTime:0.0003s ]
SQL: SHOW COLUMNS FROM `k_opentime` [ RunTime:0.0004s ]
SQL: SELECT `m_status`,`fengpan`,`kaijiang` FROM `k_opentime` WHERE `qishu` = 18079 ORDER BY id desc LIMIT 1   [ RunTime:0.0002s ]
NOTIC: [8] Undefined variable: time2 /data/www/qxc/App/Home/Common/function.php 第 51 行.
NOTIC: [8] Undefined variable: titles2 /data/www/qxc/App/Home/Common/function.php 第 51 行.
SQL: SELECT * FROM `k_opentime` WHERE `qishu` = 18079 LIMIT 1   [ RunTime:0.0002s ]
SQL: SHOW COLUMNS FROM `k_bet` [ RunTime:0.0004s ]
SQL: SHOW COLUMNS FROM `k_news` [ RunTime:0.0003s ]
SQL: SELECT * FROM `k_news` WHERE `n_status` = 1  [ RunTime:0.0002s ]
SQL: SELECT * FROM `k_user` WHERE `uid` = 2 LIMIT 1   [ RunTime:0.0003s ]
SQL: SELECT * FROM `k_bet` WHERE `uid` = 2 AND `qishu` = '18079' AND `js` = 4  [ RunTime:0.0006s ]
SQL: SELECT * FROM `k_opentime` ORDER BY id desc LIMIT 10   [ RunTime:0.0002s ]
SQL: SHOW COLUMNS FROM `k_uloss` [ RunTime:0.0004s ]
SQL: SELECT * FROM `k_uloss` WHERE `uid` = 2 LIMIT 1   [ RunTime:0.0002s ]
NOTIC: [8] Undefined variable: j1 /data/www/qxc/App/Home/Controller/IndexController.class.php 第 100 行.
NOTIC: [8] Undefined variable: j2 /data/www/qxc/App/Home/Controller/IndexController.class.php 第 140 行.
NOTIC: [8] Undefined variable: j3 /data/www/qxc/App/Home/Controller/IndexController.class.php 第 182 行.
NOTIC: [8] Undefined variable: j4 /data/www/qxc/App/Home/Controller/IndexController.class.php 第 222 行.
NOTIC: [8] Undefined variable: j5 /data/www/qxc/App/Home/Controller/IndexController.class.php 第 274 行.
NOTIC: [8] Undefined variable: j6 /data/www/qxc/App/Home/Controller/IndexController.class.php 第 326 行.
NOTIC: [8] Undefined variable: j7 /data/www/qxc/App/Home/Controller/IndexController.class.php 第 410 行.
NOTIC: [8] Undefined variable: j8 /data/www/qxc/App/Home/Controller/IndexController.class.php 第 492 行.
NOTIC: [8] Undefined variable: j9 /data/www/qxc/App/Home/Controller/IndexController.class.php 第 573 行.
NOTIC: [8] Undefined variable: j10 /data/www/qxc/App/Home/Controller/IndexController.class.php 第 654 行.
NOTIC: [8] Undefined variable: j11 /data/www/qxc/App/Home/Controller/IndexController.class.php 第 733 行.
NOTIC: [8] Undefined variable: j12 /data/www/qxc/App/Home/Controller/IndexController.class.php 第 769 行.
NOTIC: [8] Undefined variable: j13 /data/www/qxc/App/Home/Controller/IndexController.class.php 第 808 行.
SQL: SELECT * FROM `k_opentime` ORDER BY id desc  [ RunTime:0.0003s ]
NOTIC: [8] Undefined variable: data3 /data/www/qxc/App/Home/Controller/IndexController.class.php 第 833 行.
INFO: [ view_parse ] --START--
INFO: [ template_filter ] --START--
INFO: Run Behavior\ContentReplaceBehavior [ RunTime:0.000587s ]
INFO: [ template_filter ] --END-- [ RunTime:0.000627s ]
NOTIC: [8] Undefined variable: o_stime /data/www/qxc/App/Runtime/Cache/Home/00e52909bed743ea261af4b6823297ff.php 第 69 行.
NOTIC: [8] Undefined variable: f_stime /data/www/qxc/App/Runtime/Cache/Home/00e52909bed743ea261af4b6823297ff.php 第 70 行.
NOTIC: [8] Undefined index: status /data/www/qxc/App/Runtime/Cache/Home/00e52909bed743ea261af4b6823297ff.php 第 599 行.
NOTIC: [8] Undefined index: status /data/www/qxc/App/Runtime/Cache/Home/00e52909bed743ea261af4b6823297ff.php 第 599 行.
NOTIC: [8] Undefined index: status /data/www/qxc/App/Runtime/Cache/Home/00e52909bed743ea261af4b6823297ff.php 第 599 行.
NOTIC: [8] Undefined index: status /data/www/qxc/App/Runtime/Cache/Home/00e52909bed743ea261af4b6823297ff.php 第 599 行.
NOTIC: [8] Undefined index: status /data/www/qxc/App/Runtime/Cache/Home/00e52909bed743ea261af4b6823297ff.php 第 599 行.
NOTIC: [8] Undefined index: status /data/www/qxc/App/Runtime/Cache/Home/00e52909bed743ea261af4b6823297ff.php 第 599 行.
NOTIC: [8] Undefined index: status /data/www/qxc/App/Runtime/Cache/Home/00e52909bed743ea261af4b6823297ff.php 第 599 行.
NOTIC: [8] Undefined index: status /data/www/qxc/App/Runtime/Cache/Home/00e52909bed743ea261af4b6823297ff.php 第 599 行.
NOTIC: [8] Undefined index: status /data/www/qxc/App/Runtime/Cache/Home/00e52909bed743ea261af4b6823297ff.php 第 599 行.
NOTIC: [8] Undefined index: status /data/www/qxc/App/Runtime/Cache/Home/00e52909bed743ea261af4b6823297ff.php 第 599 行.
INFO: Run Behavior\ParseTemplateBehavior [ RunTime:0.017140s ]
INFO: [ view_parse ] --END-- [ RunTime:0.017164s ]
INFO: [ view_filter ] --START--
INFO: Run Behavior\WriteHtmlCacheBehavior [ RunTime:0.000142s ]
INFO: [ view_filter ] --END-- [ RunTime:0.000157s ]
INFO: [ app_end ] --START--
INFO: Run Behavior\ShowPageTraceBehavior [ RunTime:0.003065s ]
INFO: [ app_end ] --END-- [ RunTime:0.003099s ]

[ 2018-07-10T00:16:12+08:00 ] 14.16.149.155 /Index/appprint
INFO: [ app_init ] --START--
INFO: Run Behavior\BuildLiteBehavior [ RunTime:0.000009s ]
INFO: [ app_init ] --END-- [ RunTime:0.000223s ]
INFO: [ app_begin ] --START--
INFO: Run Behavior\ReadHtmlCacheBehavior [ RunTime:0.000282s ]
INFO: [ app_begin ] --END-- [ RunTime:0.000305s ]
NOTIC: [8] session_start(): A session had already been started - ignoring /data/www/qxc/ThinkPHP/Common/functions.php 第 1263 行.
SQL: SHOW COLUMNS FROM `k_user` [ RunTime:0.0013s ]
SQL: SELECT `usession` FROM `k_user` WHERE `uid` = 2 LIMIT 1   [ RunTime:0.0003s ]
SQL: SHOW COLUMNS FROM `k_opentime` [ RunTime:0.0006s ]
SQL: SELECT `m_status`,`fengpan`,`kaijiang` FROM `k_opentime` WHERE `qishu` = 18079 ORDER BY id desc LIMIT 1   [ RunTime:0.0003s ]
NOTIC: [8] Undefined variable: time2 /data/www/qxc/App/Home/Common/function.php 第 51 行.
NOTIC: [8] Undefined variable: titles2 /data/www/qxc/App/Home/Common/function.php 第 51 行.
INFO: [ view_parse ] --START--
INFO: [ template_filter ] --START--
INFO: Run Behavior\ContentReplaceBehavior [ RunTime:0.000073s ]
INFO: [ template_filter ] --END-- [ RunTime:0.000098s ]
INFO: Run Behavior\ParseTemplateBehavior [ RunTime:0.005376s ]
INFO: [ view_parse ] --END-- [ RunTime:0.005399s ]
INFO: [ view_filter ] --START--
INFO: Run Behavior\WriteHtmlCacheBehavior [ RunTime:0.000106s ]
INFO: [ view_filter ] --END-- [ RunTime:0.000121s ]
INFO: [ app_end ] --START--
INFO: Run Behavior\ShowPageTraceBehavior [ RunTime:0.000349s ]
INFO: [ app_end ] --END-- [ RunTime:0.000373s ]

[ 2018-07-10T00:16:13+08:00 ] 14.16.149.155 /Index/appindexajax?action=printrefresh&time=328
INFO: [ app_init ] --START--
INFO: Run Behavior\BuildLiteBehavior [ RunTime:0.000011s ]
INFO: [ app_init ] --END-- [ RunTime:0.000269s ]
INFO: [ app_begin ] --START--
INFO: Run Behavior\ReadHtmlCacheBehavior [ RunTime:0.000407s ]
INFO: [ app_begin ] --END-- [ RunTime:0.000435s ]
NOTIC: [8] session_start(): A session had already been started - ignoring /data/www/qxc/ThinkPHP/Common/functions.php 第 1263 行.
SQL: SHOW COLUMNS FROM `k_user` [ RunTime:0.0009s ]
SQL: SELECT `usession` FROM `k_user` WHERE `uid` = 2 LIMIT 1   [ RunTime:0.0002s ]
SQL: SHOW COLUMNS FROM `k_opentime` [ RunTime:0.0005s ]
SQL: SELECT `m_status`,`fengpan`,`kaijiang` FROM `k_opentime` WHERE `qishu` = 18079 ORDER BY id desc LIMIT 1   [ RunTime:0.0002s ]
NOTIC: [8] Undefined variable: time2 /data/www/qxc/App/Home/Common/function.php 第 51 行.
NOTIC: [8] Undefined variable: titles2 /data/www/qxc/App/Home/Common/function.php 第 51 行.
SQL: SELECT * FROM `k_user` WHERE `uid` = 2 LIMIT 1   [ RunTime:0.0003s ]
SQL: SHOW COLUMNS FROM `k_bet` [ RunTime:0.0005s ]
SQL: SELECT `id`,`did`,`money`,`addtime`,`mingxi_1`,`mingxi_2`,`mingxi_3`,`odds`,`index_id` FROM `k_bet` WHERE `uid` = 2 AND `qishu` = '18079' AND `js` = 0 ORDER BY id asc  [ RunTime:0.1176s ]
SQL: SELECT `money` FROM `k_user` WHERE `uid` = 2 LIMIT 1   [ RunTime:0.0003s ]

[ 2018-07-10T00:16:13+08:00 ] 14.16.149.155 /Index/arrhaoma
INFO: [ app_init ] --START--
INFO: Run Behavior\BuildLiteBehavior [ RunTime:0.000007s ]
INFO: [ app_init ] --END-- [ RunTime:0.000216s ]
INFO: [ app_begin ] --START--
INFO: Run Behavior\ReadHtmlCacheBehavior [ RunTime:0.000246s ]
INFO: [ app_begin ] --END-- [ RunTime:0.000267s ]
NOTIC: [8] session_start(): A session had already been started - ignoring /data/www/qxc/ThinkPHP/Common/functions.php 第 1263 行.
SQL: SHOW COLUMNS FROM `k_user` [ RunTime:0.0008s ]
SQL: SELECT `usession` FROM `k_user` WHERE `uid` = 2 LIMIT 1   [ RunTime:0.0002s ]
SQL: SHOW COLUMNS FROM `k_opentime` [ RunTime:0.0005s ]
SQL: SELECT `m_status`,`fengpan`,`kaijiang` FROM `k_opentime` WHERE `qishu` = 18079 ORDER BY id desc LIMIT 1   [ RunTime:0.0002s ]
NOTIC: [8] Undefined variable: time2 /data/www/qxc/App/Home/Common/function.php 第 51 行.
NOTIC: [8] Undefined variable: titles2 /data/www/qxc/App/Home/Common/function.php 第 51 行.
SQL: SHOW COLUMNS FROM `k_bet` [ RunTime:0.0005s ]
SQL: SELECT * FROM `k_bet` WHERE `uid` = 2 AND `qishu` = '18079' AND `js` = 4  [ RunTime:0.0007s ]

[ 2018-07-10T00:16:13+08:00 ] 14.16.149.155 /Index/delsHaoma
INFO: [ app_init ] --START--
INFO: Run Behavior\BuildLiteBehavior [ RunTime:0.000007s ]
INFO: [ app_init ] --END-- [ RunTime:0.000237s ]
INFO: [ app_begin ] --START--
INFO: Run Behavior\ReadHtmlCacheBehavior [ RunTime:0.000328s ]
INFO: [ app_begin ] --END-- [ RunTime:0.000353s ]
NOTIC: [8] session_start(): A session had already been started - ignoring /data/www/qxc/ThinkPHP/Common/functions.php 第 1263 行.
SQL: SHOW COLUMNS FROM `k_user` [ RunTime:0.0008s ]
SQL: SELECT `usession` FROM `k_user` WHERE `uid` = 2 LIMIT 1   [ RunTime:0.0003s ]
SQL: SHOW COLUMNS FROM `k_opentime` [ RunTime:0.0004s ]
SQL: SELECT `m_status`,`fengpan`,`kaijiang` FROM `k_opentime` WHERE `qishu` = 18079 ORDER BY id desc LIMIT 1   [ RunTime:0.0002s ]
NOTIC: [8] Undefined variable: time2 /data/www/qxc/App/Home/Common/function.php 第 51 行.
NOTIC: [8] Undefined variable: titles2 /data/www/qxc/App/Home/Common/function.php 第 51 行.
SQL: SHOW COLUMNS FROM `k_bet` [ RunTime:0.0005s ]
SQL: SELECT * FROM `k_bet` WHERE `uid` = 2 AND `qishu` = '18079' AND `js` = 5  [ RunTime:0.0004s ]

[ 2018-07-10T00:16:13+08:00 ] 14.16.149.155 /Index/xiazhukuang?action=soonorder&time=640
INFO: [ app_init ] --START--
INFO: Run Behavior\BuildLiteBehavior [ RunTime:0.000007s ]
INFO: [ app_init ] --END-- [ RunTime:0.000192s ]
INFO: [ app_begin ] --START--
INFO: Run Behavior\ReadHtmlCacheBehavior [ RunTime:0.000258s ]
INFO: [ app_begin ] --END-- [ RunTime:0.000279s ]
NOTIC: [8] session_start(): A session had already been started - ignoring /data/www/qxc/ThinkPHP/Common/functions.php 第 1263 行.
SQL: SHOW COLUMNS FROM `k_user` [ RunTime:0.0008s ]
SQL: SELECT `usession` FROM `k_user` WHERE `uid` = 2 LIMIT 1   [ RunTime:0.0003s ]
SQL: SHOW COLUMNS FROM `k_opentime` [ RunTime:0.0004s ]
SQL: SELECT `m_status`,`fengpan`,`kaijiang` FROM `k_opentime` WHERE `qishu` = 18079 ORDER BY id desc LIMIT 1   [ RunTime:0.0002s ]
NOTIC: [8] Undefined variable: time2 /data/www/qxc/App/Home/Common/function.php 第 51 行.
NOTIC: [8] Undefined variable: titles2 /data/www/qxc/App/Home/Common/function.php 第 51 行.
SQL: SHOW COLUMNS FROM `k_bet` [ RunTime:0.0005s ]
SQL: SELECT `js`,`id`,`addtime`,`money`,`did`,`mingxi_1`,`mingxi_2`,`mingxi_3`,`odds` FROM `k_bet` WHERE `uid` = 2 AND `qishu` = '18079' AND `js` NOT IN ('4','5') ORDER BY id desc LIMIT 10   [ RunTime:0.0572s ]
SQL: SELECT * FROM `k_opentime` WHERE `qishu` = 18079 LIMIT 1   [ RunTime:0.0004s ]

[ 2018-07-10T00:16:42+08:00 ] 14.16.149.155 /Index/ustatus1
INFO: [ app_init ] --START--
INFO: Run Behavior\BuildLiteBehavior [ RunTime:0.000007s ]
INFO: [ app_init ] --END-- [ RunTime:0.000187s ]
INFO: [ app_begin ] --START--
INFO: Run Behavior\ReadHtmlCacheBehavior [ RunTime:0.000251s ]
INFO: [ app_begin ] --END-- [ RunTime:0.000272s ]
NOTIC: [8] session_start(): A session had already been started - ignoring /data/www/qxc/ThinkPHP/Common/functions.php 第 1263 行.
SQL: SHOW COLUMNS FROM `k_user` [ RunTime:0.0008s ]
SQL: SELECT `usession` FROM `k_user` WHERE `uid` = 2 LIMIT 1   [ RunTime:0.0002s ]
SQL: SHOW COLUMNS FROM `k_opentime` [ RunTime:0.0004s ]
SQL: SELECT `m_status`,`fengpan`,`kaijiang` FROM `k_opentime` WHERE `qishu` = 18079 ORDER BY id desc LIMIT 1   [ RunTime:0.0002s ]
NOTIC: [8] Undefined variable: time2 /data/www/qxc/App/Home/Common/function.php 第 51 行.
NOTIC: [8] Undefined variable: titles2 /data/www/qxc/App/Home/Common/function.php 第 51 行.
SQL: SELECT `usession` FROM `k_user` WHERE `uid` = 2 LIMIT 1   [ RunTime:0.0002s ]
INFO: [ app_end ] --START--
INFO: Run Behavior\ShowPageTraceBehavior [ RunTime:0.000300s ]
INFO: [ app_end ] --END-- [ RunTime:0.000318s ]

[ 2018-07-10T00:16:45+08:00 ] 117.135.173.78 /Login/index
INFO: [ app_init ] --START--
INFO: Run Behavior\BuildLiteBehavior [ RunTime:0.000007s ]
INFO: [ app_init ] --END-- [ RunTime:0.000188s ]
INFO: [ app_begin ] --START--
INFO: Run Behavior\ReadHtmlCacheBehavior [ RunTime:0.000274s ]
INFO: [ app_begin ] --END-- [ RunTime:0.000295s ]
NOTIC: [8] session_start(): A session had already been started - ignoring /data/www/qxc/ThinkPHP/Common/functions.php 第 1263 行.
INFO: [ view_parse ] --START--
INFO: [ template_filter ] --START--
INFO: Run Behavior\ContentReplaceBehavior [ RunTime:0.000039s ]
INFO: [ template_filter ] --END-- [ RunTime:0.000063s ]
INFO: Run Behavior\ParseTemplateBehavior [ RunTime:0.002981s ]
INFO: [ view_parse ] --END-- [ RunTime:0.003002s ]
INFO: [ view_filter ] --START--
INFO: Run Behavior\WriteHtmlCacheBehavior [ RunTime:0.000098s ]
INFO: [ view_filter ] --END-- [ RunTime:0.000110s ]
INFO: [ app_end ] --START--
INFO: Run Behavior\ShowPageTraceBehavior [ RunTime:0.000341s ]
INFO: [ app_end ] --END-- [ RunTime:0.000358s ]

[ 2018-07-10T00:16:45+08:00 ] 101.226.79.244 /
INFO: [ app_init ] --START--
INFO: Run Behavior\BuildLiteBehavior [ RunTime:0.000007s ]
INFO: [ app_init ] --END-- [ RunTime:0.000208s ]
INFO: [ app_begin ] --START--
INFO: Run Behavior\ReadHtmlCacheBehavior [ RunTime:0.000254s ]
INFO: [ app_begin ] --END-- [ RunTime:0.000279s ]
NOTIC: [8] session_start(): A session had already been started - ignoring /data/www/qxc/ThinkPHP/Common/functions.php 第 1263 行.

[ 2018-07-10T00:16:45+08:00 ] 14.16.149.155 /Index/ustatus1
INFO: [ app_init ] --START--
INFO: Run Behavior\BuildLiteBehavior [ RunTime:0.000006s ]
INFO: [ app_init ] --END-- [ RunTime:0.000185s ]
INFO: [ app_begin ] --START--
INFO: Run Behavior\ReadHtmlCacheBehavior [ RunTime:0.000245s ]
INFO: [ app_begin ] --END-- [ RunTime:0.000265s ]
NOTIC: [8] session_start(): A session had already been started - ignoring /data/www/qxc/ThinkPHP/Common/functions.php 第 1263 行.
SQL: SHOW COLUMNS FROM `k_user` [ RunTime:0.0008s ]
SQL: SELECT `usession` FROM `k_user` WHERE `uid` = 2 LIMIT 1   [ RunTime:0.0002s ]
SQL: SHOW COLUMNS FROM `k_opentime` [ RunTime:0.0004s ]
SQL: SELECT `m_status`,`fengpan`,`kaijiang` FROM `k_opentime` WHERE `qishu` = 18079 ORDER BY id desc LIMIT 1   [ RunTime:0.0002s ]
NOTIC: [8] Undefined variable: time2 /data/www/qxc/App/Home/Common/function.php 第 51 行.
NOTIC: [8] Undefined variable: titles2 /data/www/qxc/App/Home/Common/function.php 第 51 行.
SQL: SELECT `usession` FROM `k_user` WHERE `uid` = 2 LIMIT 1   [ RunTime:0.0002s ]
INFO: [ app_end ] --START--
INFO: Run Behavior\ShowPageTraceBehavior [ RunTime:0.000345s ]
INFO: [ app_end ] --END-- [ RunTime:0.000366s ]

[ 2018-07-10T00:16:45+08:00 ] 14.16.149.155 /Index/xiazhukuang?action=soonorder&time=74
INFO: [ app_init ] --START--
INFO: Run Behavior\BuildLiteBehavior [ RunTime:0.000006s ]
INFO: [ app_init ] --END-- [ RunTime:0.000206s ]
INFO: [ app_begin ] --START--
INFO: Run Behavior\ReadHtmlCacheBehavior [ RunTime:0.000311s ]
INFO: [ app_begin ] --END-- [ RunTime:0.000330s ]
NOTIC: [8] session_start(): A session had already been started - ignoring /data/www/qxc/ThinkPHP/Common/functions.php 第 1263 行.
SQL: SHOW COLUMNS FROM `k_user` [ RunTime:0.0008s ]
SQL: SELECT `usession` FROM `k_user` WHERE `uid` = 2 LIMIT 1   [ RunTime:0.0002s ]
SQL: SHOW COLUMNS FROM `k_opentime` [ RunTime:0.0004s ]
SQL: SELECT `m_status`,`fengpan`,`kaijiang` FROM `k_opentime` WHERE `qishu` = 18079 ORDER BY id desc LIMIT 1   [ RunTime:0.0002s ]
NOTIC: [8] Undefined variable: time2 /data/www/qxc/App/Home/Common/function.php 第 51 行.
NOTIC: [8] Undefined variable: titles2 /data/www/qxc/App/Home/Common/function.php 第 51 行.
SQL: SHOW COLUMNS FROM `k_bet` [ RunTime:0.0004s ]
SQL: SELECT `js`,`id`,`addtime`,`money`,`did`,`mingxi_1`,`mingxi_2`,`mingxi_3`,`odds` FROM `k_bet` WHERE `uid` = 2 AND `qishu` = '18079' AND `js` NOT IN ('4','5') ORDER BY id desc LIMIT 10   [ RunTime:0.0548s ]
SQL: SELECT * FROM `k_opentime` WHERE `qishu` = 18079 LIMIT 1   [ RunTime:0.0004s ]

[ 2018-07-10T00:17:12+08:00 ] 101.226.227.170 /Index/appindexajax?action=printrefresh&time=328
INFO: [ app_init ] --START--
INFO: Run Behavior\BuildLiteBehavior [ RunTime:0.000008s ]
INFO: [ app_init ] --END-- [ RunTime:0.000204s ]
INFO: [ app_begin ] --START--
INFO: Run Behavior\ReadHtmlCacheBehavior [ RunTime:0.000268s ]
INFO: [ app_begin ] --END-- [ RunTime:0.000292s ]
NOTIC: [8] session_start(): A session had already been started - ignoring /data/www/qxc/ThinkPHP/Common/functions.php 第 1263 行.

[ 2018-07-10T00:17:12+08:00 ] 101.226.226.221 /Index/index
INFO: [ app_init ] --START--
INFO: Run Behavior\BuildLiteBehavior [ RunTime:0.000008s ]
INFO: [ app_init ] --END-- [ RunTime:0.000186s ]
INFO: [ app_begin ] --START--
INFO: Run Behavior\ReadHtmlCacheBehavior [ RunTime:0.000269s ]
INFO: [ app_begin ] --END-- [ RunTime:0.000294s ]
NOTIC: [8] session_start(): A session had already been started - ignoring /data/www/qxc/ThinkPHP/Common/functions.php 第 1263 行.

[ 2018-07-10T00:17:13+08:00 ] 101.227.143.141 /Index/xiazhukuang?action=soonorder&time=640
INFO: [ app_init ] --START--
INFO: Run Behavior\BuildLiteBehavior [ RunTime:0.000008s ]
INFO: [ app_init ] --END-- [ RunTime:0.000229s ]
INFO: [ app_begin ] --START--
INFO: Run Behavior\ReadHtmlCacheBehavior [ RunTime:0.000294s ]
INFO: [ app_begin ] --END-- [ RunTime:0.000321s ]
NOTIC: [8] session_start(): A session had already been started - ignoring /data/www/qxc/ThinkPHP/Common/functions.php 第 1263 行.

[ 2018-07-10T00:19:01+08:00 ] 14.16.149.155 /index.php/api/load
INFO: [ app_init ] --START--
INFO: Run Behavior\BuildLiteBehavior [ RunTime:0.000009s ]
INFO: [ app_init ] --END-- [ RunTime:0.000257s ]
INFO: [ app_begin ] --START--
INFO: Run Behavior\ReadHtmlCacheBehavior [ RunTime:0.000336s ]
INFO: [ app_begin ] --END-- [ RunTime:0.000359s ]
NOTIC: [8] session_start(): A session had already been started - ignoring /data/www/qxc/ThinkPHP/Common/functions.php 第 1263 行.
ERR: 无法加载控制器:Index.php

[ 2018-07-10T00:19:01+08:00 ] 14.16.149.155 /Index/ustatus1
INFO: [ app_init ] --START--
INFO: Run Behavior\BuildLiteBehavior [ RunTime:0.000008s ]
INFO: [ app_init ] --END-- [ RunTime:0.000219s ]
INFO: [ app_begin ] --START--
INFO: Run Behavior\ReadHtmlCacheBehavior [ RunTime:0.000279s ]
INFO: [ app_begin ] --END-- [ RunTime:0.000299s ]
NOTIC: [8] session_start(): A session had already been started - ignoring /data/www/qxc/ThinkPHP/Common/functions.php 第 1263 行.
SQL: SHOW COLUMNS FROM `k_user` [ RunTime:0.0009s ]
SQL: SELECT `usession` FROM `k_user` WHERE `uid` = 2 LIMIT 1   [ RunTime:0.0003s ]
SQL: SHOW COLUMNS FROM `k_opentime` [ RunTime:0.0005s ]
SQL: SELECT `m_status`,`fengpan`,`kaijiang` FROM `k_opentime` WHERE `qishu` = 18079 ORDER BY id desc LIMIT 1   [ RunTime:0.0002s ]
NOTIC: [8] Undefined variable: time2 /data/www/qxc/App/Home/Common/function.php 第 51 行.
NOTIC: [8] Undefined variable: titles2 /data/www/qxc/App/Home/Common/function.php 第 51 行.
SQL: SELECT `usession` FROM `k_user` WHERE `uid` = 2 LIMIT 1   [ RunTime:0.0002s ]
INFO: [ app_end ] --START--
INFO: Run Behavior\ShowPageTraceBehavior [ RunTime:0.000416s ]
INFO: [ app_end ] --END-- [ RunTime:0.000438s ]

[ 2018-07-10T00:19:05+08:00 ] 14.16.149.155 /Index/appindexajax?action=printrefresh&time=291
INFO: [ app_init ] --START--
INFO: Run Behavior\BuildLiteBehavior [ RunTime:0.000007s ]
INFO: [ app_init ] --END-- [ RunTime:0.000234s ]
INFO: [ app_begin ] --START--
INFO: Run Behavior\ReadHtmlCacheBehavior [ RunTime:0.000303s ]
INFO: [ app_begin ] --END-- [ RunTime:0.000325s ]
NOTIC: [8] session_start(): A session had already been started - ignoring /data/www/qxc/ThinkPHP/Common/functions.php 第 1263 行.
SQL: SHOW COLUMNS FROM `k_user` [ RunTime:0.0009s ]
SQL: SELECT `usession` FROM `k_user` WHERE `uid` = 2 LIMIT 1   [ RunTime:0.0002s ]
SQL: SHOW COLUMNS FROM `k_opentime` [ RunTime:0.0004s ]
SQL: SELECT `m_status`,`fengpan`,`kaijiang` FROM `k_opentime` WHERE `qishu` = 18079 ORDER BY id desc LIMIT 1   [ RunTime:0.0002s ]
NOTIC: [8] Undefined variable: time2 /data/www/qxc/App/Home/Common/function.php 第 51 行.
NOTIC: [8] Undefined variable: titles2 /data/www/qxc/App/Home/Common/function.php 第 51 行.
SQL: SELECT * FROM `k_user` WHERE `uid` = 2 LIMIT 1   [ RunTime:0.0003s ]
SQL: SHOW COLUMNS FROM `k_bet` [ RunTime:0.0005s ]
SQL: SELECT `id`,`did`,`money`,`addtime`,`mingxi_1`,`mingxi_2`,`mingxi_3`,`odds`,`index_id` FROM `k_bet` WHERE `uid` = 2 AND `qishu` = '18079' AND `js` = 0 ORDER BY id asc  [ RunTime:0.1064s ]
SQL: SELECT `money` FROM `k_user` WHERE `uid` = 2 LIMIT 1   [ RunTime:0.0003s ]

[ 2018-07-10T00:19:06+08:00 ] 14.16.149.155 /Index/arrhaoma
INFO: [ app_init ] --START--
INFO: Run Behavior\BuildLiteBehavior [ RunTime:0.000007s ]
INFO: [ app_init ] --END-- [ RunTime:0.000183s ]
INFO: [ app_begin ] --START--
INFO: Run Behavior\ReadHtmlCacheBehavior [ RunTime:0.000253s ]
INFO: [ app_begin ] --END-- [ RunTime:0.000274s ]
NOTIC: [8] session_start(): A session had already been started - ignoring /data/www/qxc/ThinkPHP/Common/functions.php 第 1263 行.
SQL: SHOW COLUMNS FROM `k_user` [ RunTime:0.0008s ]
SQL: SELECT `usession` FROM `k_user` WHERE `uid` = 2 LIMIT 1   [ RunTime:0.0002s ]
SQL: SHOW COLUMNS FROM `k_opentime` [ RunTime:0.0005s ]
SQL: SELECT `m_status`,`fengpan`,`kaijiang` FROM `k_opentime` WHERE `qishu` = 18079 ORDER BY id desc LIMIT 1   [ RunTime:0.0002s ]
NOTIC: [8] Undefined variable: time2 /data/www/qxc/App/Home/Common/function.php 第 51 行.
NOTIC: [8] Undefined variable: titles2 /data/www/qxc/App/Home/Common/function.php 第 51 行.
SQL: SHOW COLUMNS FROM `k_bet` [ RunTime:0.0005s ]
SQL: SELECT * FROM `k_bet` WHERE `uid` = 2 AND `qishu` = '18079' AND `js` = 4  [ RunTime:0.0007s ]

[ 2018-07-10T00:19:06+08:00 ] 14.16.149.155 /Index/delsHaoma
INFO: [ app_init ] --START--
INFO: Run Behavior\BuildLiteBehavior [ RunTime:0.000006s ]
INFO: [ app_init ] --END-- [ RunTime:0.000187s ]
INFO: [ app_begin ] --START--
INFO: Run Behavior\ReadHtmlCacheBehavior [ RunTime:0.000279s ]
INFO: [ app_begin ] --END-- [ RunTime:0.000300s ]
NOTIC: [8] session_start(): A session had already been started - ignoring /data/www/qxc/ThinkPHP/Common/functions.php 第 1263 行.
SQL: SHOW COLUMNS FROM `k_user` [ RunTime:0.0008s ]
SQL: SELECT `usession` FROM `k_user` WHERE `uid` = 2 LIMIT 1   [ RunTime:0.0002s ]
SQL: SHOW COLUMNS FROM `k_opentime` [ RunTime:0.0004s ]
SQL: SELECT `m_status`,`fengpan`,`kaijiang` FROM `k_opentime` WHERE `qishu` = 18079 ORDER BY id desc LIMIT 1   [ RunTime:0.0002s ]
NOTIC: [8] Undefined variable: time2 /data/www/qxc/App/Home/Common/function.php 第 51 行.
NOTIC: [8] Undefined variable: titles2 /data/www/qxc/App/Home/Common/function.php 第 51 行.
SQL: SHOW COLUMNS FROM `k_bet` [ RunTime:0.0004s ]
SQL: SELECT * FROM `k_bet` WHERE `uid` = 2 AND `qishu` = '18079' AND `js` = 5  [ RunTime:0.0003s ]

[ 2018-07-10T00:19:06+08:00 ] 14.16.149.155 /Index/xiazhukuang?action=soonorder&time=664
INFO: [ app_init ] --START--
INFO: Run Behavior\BuildLiteBehavior [ RunTime:0.000007s ]
INFO: [ app_init ] --END-- [ RunTime:0.000191s ]
INFO: [ app_begin ] --START--
INFO: Run Behavior\ReadHtmlCacheBehavior [ RunTime:0.000284s ]
INFO: [ app_begin ] --END-- [ RunTime:0.000305s ]
NOTIC: [8] session_start(): A session had already been started - ignoring /data/www/qxc/ThinkPHP/Common/functions.php 第 1263 行.
SQL: SHOW COLUMNS FROM `k_user` [ RunTime:0.0008s ]
SQL: SELECT `usession` FROM `k_user` WHERE `uid` = 2 LIMIT 1   [ RunTime:0.0002s ]
SQL: SHOW COLUMNS FROM `k_opentime` [ RunTime:0.0004s ]
SQL: SELECT `m_status`,`fengpan`,`kaijiang` FROM `k_opentime` WHERE `qishu` = 18079 ORDER BY id desc LIMIT 1   [ RunTime:0.0002s ]
NOTIC: [8] Undefined variable: time2 /data/www/qxc/App/Home/Common/function.php 第 51 行.
NOTIC: [8] Undefined variable: titles2 /data/www/qxc/App/Home/Common/function.php 第 51 行.
SQL: SHOW COLUMNS FROM `k_bet` [ RunTime:0.0005s ]
SQL: SELECT `js`,`id`,`addtime`,`money`,`did`,`mingxi_1`,`mingxi_2`,`mingxi_3`,`odds` FROM `k_bet` WHERE `uid` = 2 AND `qishu` = '18079' AND `js` NOT IN ('4','5') ORDER BY id desc LIMIT 10   [ RunTime:0.0569s ]
SQL: SELECT * FROM `k_opentime` WHERE `qishu` = 18079 LIMIT 1   [ RunTime:0.0004s ]

[ 2018-07-10T00:20:06+08:00 ] 120.204.200.83 /Index/xiazhukuang?action=soonorder&time=664
INFO: [ app_init ] --START--
INFO: Run Behavior\BuildLiteBehavior [ RunTime:0.000008s ]
INFO: [ app_init ] --END-- [ RunTime:0.000194s ]
INFO: [ app_begin ] --START--
INFO: Run Behavior\ReadHtmlCacheBehavior [ RunTime:0.000282s ]
INFO: [ app_begin ] --END-- [ RunTime:0.000305s ]
NOTIC: [8] session_start(): A session had already been started - ignoring /data/www/qxc/ThinkPHP/Common/functions.php 第 1263 行.

[ 2018-07-10T00:21:03+08:00 ] 14.16.149.155 /Index/ustatus1
INFO: [ app_init ] --START--
INFO: Run Behavior\BuildLiteBehavior [ RunTime:0.000011s ]
INFO: [ app_init ] --END-- [ RunTime:0.000260s ]
INFO: [ app_begin ] --START--
INFO: Run Behavior\ReadHtmlCacheBehavior [ RunTime:0.000297s ]
INFO: [ app_begin ] --END-- [ RunTime:0.000324s ]
NOTIC: [8] session_start(): A session had already been started - ignoring /data/www/qxc/ThinkPHP/Common/functions.php 第 1263 行.
SQL: SHOW COLUMNS FROM `k_user` [ RunTime:0.0010s ]
SQL: SELECT `usession` FROM `k_user` WHERE `uid` = 2 LIMIT 1   [ RunTime:0.0003s ]
SQL: SHOW COLUMNS FROM `k_opentime` [ RunTime:0.0004s ]
SQL: SELECT `m_status`,`fengpan`,`kaijiang` FROM `k_opentime` WHERE `qishu` = 18079 ORDER BY id desc LIMIT 1   [ RunTime:0.0003s ]
NOTIC: [8] Undefined variable: time2 /data/www/qxc/App/Home/Common/function.php 第 51 行.
NOTIC: [8] Undefined variable: titles2 /data/www/qxc/App/Home/Common/function.php 第 51 行.
SQL: SELECT `usession` FROM `k_user` WHERE `uid` = 2 LIMIT 1   [ RunTime:0.0002s ]
INFO: [ app_end ] --START--
INFO: Run Behavior\ShowPageTraceBehavior [ RunTime:0.000401s ]
INFO: [ app_end ] --END-- [ RunTime:0.000423s ]

[ 2018-07-10T00:21:21+08:00 ] 14.16.149.155 /Index/ustatus1
INFO: [ app_init ] --START--
INFO: Run Behavior\BuildLiteBehavior [ RunTime:0.000011s ]
INFO: [ app_init ] --END-- [ RunTime:0.001487s ]
INFO: [ app_begin ] --START--
INFO: Run Behavior\ReadHtmlCacheBehavior [ RunTime:0.000414s ]
INFO: [ app_begin ] --END-- [ RunTime:0.000445s ]
NOTIC: [8] session_start(): A session had already been started - ignoring /data/www/qxc/ThinkPHP/Common/functions.php 第 1263 行.
SQL: SHOW COLUMNS FROM `k_user` [ RunTime:0.0028s ]
SQL: SELECT `usession` FROM `k_user` WHERE `uid` = 2 LIMIT 1   [ RunTime:0.0010s ]
SQL: SHOW COLUMNS FROM `k_opentime` [ RunTime:0.0021s ]
SQL: SELECT `m_status`,`fengpan`,`kaijiang` FROM `k_opentime` WHERE `qishu` = 18079 ORDER BY id desc LIMIT 1   [ RunTime:0.0004s ]
NOTIC: [8] Undefined variable: time2 /data/www/qxc/App/Home/Common/function.php 第 51 行.
NOTIC: [8] Undefined variable: titles2 /data/www/qxc/App/Home/Common/function.php 第 51 行.
SQL: SELECT `usession` FROM `k_user` WHERE `uid` = 2 LIMIT 1   [ RunTime:0.0002s ]
INFO: [ app_end ] --START--
INFO: Run Behavior\ShowPageTraceBehavior [ RunTime:0.000740s ]
INFO: [ app_end ] --END-- [ RunTime:0.000785s ]

[ 2018-07-10T00:21:21+08:00 ] 14.16.149.155 /Index/findOdds
INFO: [ app_init ] --START--
INFO: Run Behavior\BuildLiteBehavior [ RunTime:0.000009s ]
INFO: [ app_init ] --END-- [ RunTime:0.000272s ]
INFO: [ app_begin ] --START--
INFO: Run Behavior\ReadHtmlCacheBehavior [ RunTime:0.000357s ]
INFO: [ app_begin ] --END-- [ RunTime:0.000415s ]
NOTIC: [8] session_start(): A session had already been started - ignoring /data/www/qxc/ThinkPHP/Common/functions.php 第 1263 行.
SQL: SHOW COLUMNS FROM `k_user` [ RunTime:0.0015s ]
SQL: SELECT `usession` FROM `k_user` WHERE `uid` = 2 LIMIT 1   [ RunTime:0.0006s ]
SQL: SHOW COLUMNS FROM `k_opentime` [ RunTime:0.0006s ]
SQL: SELECT `m_status`,`fengpan`,`kaijiang` FROM `k_opentime` WHERE `qishu` = 18079 ORDER BY id desc LIMIT 1   [ RunTime:0.0003s ]
NOTIC: [8] Undefined variable: time2 /data/www/qxc/App/Home/Common/function.php 第 51 行.
NOTIC: [8] Undefined variable: titles2 /data/www/qxc/App/Home/Common/function.php 第 51 行.
SQL: SHOW COLUMNS FROM `k_markets` [ RunTime:0.0006s ]
SQL: SELECT `loss`,`name` FROM `k_markets` WHERE `qishu` = '18079' AND `type` = 1  [ RunTime:0.0362s ]

[ 2018-07-10T00:21:24+08:00 ] 14.16.149.155 /Index/findOdds
INFO: [ app_init ] --START--
INFO: Run Behavior\BuildLiteBehavior [ RunTime:0.000018s ]
INFO: [ app_init ] --END-- [ RunTime:0.010491s ]
INFO: [ app_begin ] --START--
INFO: Run Behavior\ReadHtmlCacheBehavior [ RunTime:0.000404s ]
INFO: [ app_begin ] --END-- [ RunTime:0.000433s ]
NOTIC: [8] session_start(): A session had already been started - ignoring /data/www/qxc/ThinkPHP/Common/functions.php 第 1263 行.
SQL: SHOW COLUMNS FROM `k_user` [ RunTime:0.0062s ]
SQL: SELECT `usession` FROM `k_user` WHERE `uid` = 2 LIMIT 1   [ RunTime:0.0012s ]
SQL: SHOW COLUMNS FROM `k_opentime` [ RunTime:0.0031s ]
SQL: SELECT `m_status`,`fengpan`,`kaijiang` FROM `k_opentime` WHERE `qishu` = 18079 ORDER BY id desc LIMIT 1   [ RunTime:0.0002s ]
NOTIC: [8] Undefined variable: time2 /data/www/qxc/App/Home/Common/function.php 第 51 行.
NOTIC: [8] Undefined variable: titles2 /data/www/qxc/App/Home/Common/function.php 第 51 行.
SQL: SHOW COLUMNS FROM `k_markets` [ RunTime:0.0021s ]
SQL: SELECT `loss`,`name` FROM `k_markets` WHERE `qishu` = '18079' AND `type` = 2  [ RunTime:0.0875s ]

[ 2018-07-10T00:21:26+08:00 ] 14.16.149.155 /Index/findOdds
INFO: [ app_init ] --START--
INFO: Run Behavior\BuildLiteBehavior [ RunTime:0.000011s ]
INFO: [ app_init ] --END-- [ RunTime:0.000276s ]
INFO: [ app_begin ] --START--
INFO: Run Behavior\ReadHtmlCacheBehavior [ RunTime:0.001735s ]
INFO: [ app_begin ] --END-- [ RunTime:0.001769s ]
NOTIC: [8] session_start(): A session had already been started - ignoring /data/www/qxc/ThinkPHP/Common/functions.php 第 1263 行.
SQL: SHOW COLUMNS FROM `k_user` [ RunTime:0.0014s ]
SQL: SELECT `usession` FROM `k_user` WHERE `uid` = 2 LIMIT 1   [ RunTime:0.0003s ]
SQL: SHOW COLUMNS FROM `k_opentime` [ RunTime:0.0016s ]
SQL: SELECT `m_status`,`fengpan`,`kaijiang` FROM `k_opentime` WHERE `qishu` = 18079 ORDER BY id desc LIMIT 1   [ RunTime:0.0002s ]
NOTIC: [8] Undefined variable: time2 /data/www/qxc/App/Home/Common/function.php 第 51 行.
NOTIC: [8] Undefined variable: titles2 /data/www/qxc/App/Home/Common/function.php 第 51 行.
SQL: SHOW COLUMNS FROM `k_markets` [ RunTime:0.0006s ]
SQL: SELECT `loss`,`name` FROM `k_markets` WHERE `qishu` = '18079' AND `type` = 4  [ RunTime:0.0288s ]

[ 2018-07-10T00:22:19+08:00 ] 14.16.149.155 /Index/ustatus1
INFO: [ app_init ] --START--
INFO: Run Behavior\BuildLiteBehavior [ RunTime:0.000011s ]
INFO: [ app_init ] --END-- [ RunTime:0.000359s ]
INFO: [ app_begin ] --START--
INFO: Run Behavior\ReadHtmlCacheBehavior [ RunTime:0.000403s ]
INFO: [ app_begin ] --END-- [ RunTime:0.000429s ]
NOTIC: [8] session_start(): A session had already been started - ignoring /data/www/qxc/ThinkPHP/Common/functions.php 第 1263 行.
SQL: SHOW COLUMNS FROM `k_user` [ RunTime:0.0012s ]
SQL: SELECT `usession` FROM `k_user` WHERE `uid` = 2 LIMIT 1   [ RunTime:0.0003s ]
SQL: SHOW COLUMNS FROM `k_opentime` [ RunTime:0.0006s ]
SQL: SELECT `m_status`,`fengpan`,`kaijiang` FROM `k_opentime` WHERE `qishu` = 18079 ORDER BY id desc LIMIT 1   [ RunTime:0.0002s ]
NOTIC: [8] Undefined variable: time2 /data/www/qxc/App/Home/Common/function.php 第 51 行.
NOTIC: [8] Undefined variable: titles2 /data/www/qxc/App/Home/Common/function.php 第 51 行.
SQL: SELECT `usession` FROM `k_user` WHERE `uid` = 2 LIMIT 1   [ RunTime:0.0002s ]
INFO: [ app_end ] --START--
INFO: Run Behavior\ShowPageTraceBehavior [ RunTime:0.000417s ]
INFO: [ app_end ] --END-- [ RunTime:0.000442s ]

[ 2018-07-10T03:32:20+08:00 ] 101.132.177.14 /Index/index
INFO: [ app_init ] --START--
INFO: Run Behavior\BuildLiteBehavior [ RunTime:0.000011s ]
INFO: [ app_init ] --END-- [ RunTime:0.000294s ]
INFO: [ app_begin ] --START--
INFO: Run Behavior\ReadHtmlCacheBehavior [ RunTime:0.000399s ]
INFO: [ app_begin ] --END-- [ RunTime:0.000426s ]
NOTIC: [8] session_start(): A session had already been started - ignoring /data/www/qxc/ThinkPHP/Common/functions.php 第 1263 行.

[ 2018-07-10T03:32:20+08:00 ] 101.132.177.14 /Login/index
INFO: [ app_init ] --START--
INFO: Run Behavior\BuildLiteBehavior [ RunTime:0.000008s ]
INFO: [ app_init ] --END-- [ RunTime:0.000246s ]
INFO: [ app_begin ] --START--
INFO: Run Behavior\ReadHtmlCacheBehavior [ RunTime:0.002837s ]
INFO: [ app_begin ] --END-- [ RunTime:0.002861s ]
NOTIC: [8] session_start(): A session had already been started - ignoring /data/www/qxc/ThinkPHP/Common/functions.php 第 1263 行.
INFO: [ view_parse ] --START--
INFO: [ template_filter ] --START--
INFO: Run Behavior\ContentReplaceBehavior [ RunTime:0.000037s ]
INFO: [ template_filter ] --END-- [ RunTime:0.000066s ]
INFO: Run Behavior\ParseTemplateBehavior [ RunTime:0.005183s ]
INFO: [ view_parse ] --END-- [ RunTime:0.005205s ]
INFO: [ view_filter ] --START--
INFO: Run Behavior\WriteHtmlCacheBehavior [ RunTime:0.000110s ]
INFO: [ view_filter ] --END-- [ RunTime:0.000124s ]
INFO: [ app_end ] --START--
INFO: Run Behavior\ShowPageTraceBehavior [ RunTime:0.000312s ]
INFO: [ app_end ] --END-- [ RunTime:0.000330s ]

[ 2018-07-10T08:10:11+08:00 ] 113.64.96.16 /webs1/Login/index
INFO: [ app_init ] --START--
INFO: Run Behavior\BuildLiteBehavior [ RunTime:0.000009s ]
INFO: [ app_init ] --END-- [ RunTime:0.000241s ]
INFO: [ app_begin ] --START--
INFO: Run Behavior\ReadHtmlCacheBehavior [ RunTime:0.000306s ]
INFO: [ app_begin ] --END-- [ RunTime:0.000330s ]
NOTIC: [8] session_start(): A session had already been started - ignoring /data/www/qxc/ThinkPHP/Common/functions.php 第 1263 行.
ERR: 无法加载控制器:Webs1

[ 2018-07-10T08:10:16+08:00 ] 113.64.96.16 /webs1
INFO: [ app_init ] --START--
INFO: Run Behavior\BuildLiteBehavior [ RunTime:0.000028s ]
INFO: [ app_init ] --END-- [ RunTime:0.000357s ]
INFO: [ app_begin ] --START--
INFO: Run Behavior\ReadHtmlCacheBehavior [ RunTime:0.000529s ]
INFO: [ app_begin ] --END-- [ RunTime:0.000557s ]
NOTIC: [8] session_start(): A session had already been started - ignoring /data/www/qxc/ThinkPHP/Common/functions.php 第 1263 行.
ERR: 无法加载控制器:Webs1

[ 2018-07-10T08:10:53+08:00 ] 113.64.96.16 /webs1/index.php
INFO: [ app_init ] --START--
INFO: Run Behavior\BuildLiteBehavior [ RunTime:0.000008s ]
INFO: [ app_init ] --END-- [ RunTime:0.000246s ]
INFO: [ app_begin ] --START--
INFO: Run Behavior\ReadHtmlCacheBehavior [ RunTime:0.000343s ]
INFO: [ app_begin ] --END-- [ RunTime:0.000368s ]
NOTIC: [8] session_start(): A session had already been started - ignoring /data/www/qxc/ThinkPHP/Common/functions.php 第 1263 行.
ERR: 无法加载控制器:Webs1

[ 2018-07-10T08:15:16+08:00 ] 113.64.96.16 /webs1/index.php
INFO: [ app_init ] --START--
INFO: Run Behavior\BuildLiteBehavior [ RunTime:0.000008s ]
INFO: [ app_init ] --END-- [ RunTime:0.000215s ]
INFO: [ app_begin ] --START--
INFO: Run Behavior\ReadHtmlCacheBehavior [ RunTime:0.000275s ]
INFO: [ app_begin ] --END-- [ RunTime:0.000297s ]
NOTIC: [8] session_start(): A session had already been started - ignoring /data/www/qxc/ThinkPHP/Common/functions.php 第 1263 行.
ERR: 无法加载控制器:Webs1

[ 2018-07-10T08:24:50+08:00 ] 184.72.115.35 /webs1
INFO: [ app_init ] --START--
INFO: Run Behavior\BuildLiteBehavior [ RunTime:0.000012s ]
INFO: [ app_init ] --END-- [ RunTime:0.000214s ]
INFO: [ app_begin ] --START--
INFO: Run Behavior\ReadHtmlCacheBehavior [ RunTime:0.000295s ]
INFO: [ app_begin ] --END-- [ RunTime:0.000318s ]
NOTIC: [8] session_start(): A session had already been started - ignoring /data/www/qxc/ThinkPHP/Common/functions.php 第 1263 行.
ERR: 无法加载控制器:Webs1

[ 2018-07-10T19:21:46+08:00 ] 106.11.226.4 /
INFO: [ app_init ] --START--
INFO: Run Behavior\BuildLiteBehavior [ RunTime:0.000010s ]
INFO: [ app_init ] --END-- [ RunTime:0.000281s ]
INFO: [ app_begin ] --START--
INFO: Run Behavior\ReadHtmlCacheBehavior [ RunTime:0.000357s ]
INFO: [ app_begin ] --END-- [ RunTime:0.000384s ]
NOTIC: [8] session_start(): A session had already been started - ignoring /data/www/qxc/ThinkPHP/Common/functions.php 第 1263 行.

[ 2018-07-10T19:21:46+08:00 ] 106.11.242.89 /Login/index
INFO: [ app_init ] --START--
INFO: Run Behavior\BuildLiteBehavior [ RunTime:0.000011s ]
INFO: [ app_init ] --END-- [ RunTime:0.000297s ]
INFO: [ app_begin ] --START--
INFO: Run Behavior\ReadHtmlCacheBehavior [ RunTime:0.000590s ]
INFO: [ app_begin ] --END-- [ RunTime:0.000619s ]
NOTIC: [8] session_start(): A session had already been started - ignoring /data/www/qxc/ThinkPHP/Common/functions.php 第 1263 行.
INFO: [ view_parse ] --START--
INFO: [ template_filter ] --START--
INFO: Run Behavior\ContentReplaceBehavior [ RunTime:0.000041s ]
INFO: [ template_filter ] --END-- [ RunTime:0.000067s ]
INFO: Run Behavior\ParseTemplateBehavior [ RunTime:0.005241s ]
INFO: [ view_parse ] --END-- [ RunTime:0.005266s ]
INFO: [ view_filter ] --START--
INFO: Run Behavior\WriteHtmlCacheBehavior [ RunTime:0.000151s ]
INFO: [ view_filter ] --END-- [ RunTime:0.000170s ]
INFO: [ app_end ] --START--
INFO: Run Behavior\ShowPageTraceBehavior [ RunTime:0.000536s ]
INFO: [ app_end ] --END-- [ RunTime:0.000560s ]

