[ 2018-08-10T01:37:58+08:00 ] 14.25.22.28 /
INFO: [ app_init ] --START--
INFO: Run Behavior\BuildLiteBehavior [ RunTime:0.000011s ]
INFO: [ app_init ] --END-- [ RunTime:0.000247s ]
INFO: [ app_begin ] --START--
INFO: Run Behavior\ReadHtmlCacheBehavior [ RunTime:0.000390s ]
INFO: [ app_begin ] --END-- [ RunTime:0.000420s ]
NOTIC: [8] session_start(): A session had already been started - ignoring /data/www/qxc/ThinkPHP/Common/functions.php 第 1263 行.

[ 2018-08-10T01:37:58+08:00 ] 14.25.22.28 /Login/index
INFO: [ app_init ] --START--
INFO: Run Behavior\BuildLiteBehavior [ RunTime:0.000012s ]
INFO: [ app_init ] --END-- [ RunTime:0.000287s ]
INFO: [ app_begin ] --START--
INFO: Run Behavior\ReadHtmlCacheBehavior [ RunTime:0.000282s ]
INFO: [ app_begin ] --END-- [ RunTime:0.000329s ]
NOTIC: [8] session_start(): A session had already been started - ignoring /data/www/qxc/ThinkPHP/Common/functions.php 第 1263 行.
INFO: [ view_parse ] --START--
INFO: [ template_filter ] --START--
INFO: Run Behavior\ContentReplaceBehavior [ RunTime:0.000037s ]
INFO: [ template_filter ] --END-- [ RunTime:0.000059s ]
INFO: Run Behavior\ParseTemplateBehavior [ RunTime:0.003443s ]
INFO: [ view_parse ] --END-- [ RunTime:0.003467s ]
INFO: [ view_filter ] --START--
INFO: Run Behavior\WriteHtmlCacheBehavior [ RunTime:0.000096s ]
INFO: [ view_filter ] --END-- [ RunTime:0.000110s ]
INFO: [ app_end ] --START--
INFO: Run Behavior\ShowPageTraceBehavior [ RunTime:0.000330s ]
INFO: [ app_end ] --END-- [ RunTime:0.000347s ]

[ 2018-08-10T01:37:59+08:00 ] 14.25.22.28 /favicon.ico
INFO: [ app_init ] --START--
INFO: Run Behavior\BuildLiteBehavior [ RunTime:0.000012s ]
INFO: [ app_init ] --END-- [ RunTime:0.000265s ]

[ 2018-08-10T01:38:58+08:00 ] 101.226.226.221 /Login/index
INFO: [ app_init ] --START--
INFO: Run Behavior\BuildLiteBehavior [ RunTime:0.000009s ]
INFO: [ app_init ] --END-- [ RunTime:0.000219s ]
INFO: [ app_begin ] --START--
INFO: Run Behavior\ReadHtmlCacheBehavior [ RunTime:0.000282s ]
INFO: [ app_begin ] --END-- [ RunTime:0.000304s ]
NOTIC: [8] session_start(): A session had already been started - ignoring /data/www/qxc/ThinkPHP/Common/functions.php 第 1263 行.
INFO: [ view_parse ] --START--
INFO: [ template_filter ] --START--
INFO: Run Behavior\ContentReplaceBehavior [ RunTime:0.000043s ]
INFO: [ template_filter ] --END-- [ RunTime:0.000076s ]
INFO: Run Behavior\ParseTemplateBehavior [ RunTime:0.007326s ]
INFO: [ view_parse ] --END-- [ RunTime:0.007349s ]
INFO: [ view_filter ] --START--
INFO: Run Behavior\WriteHtmlCacheBehavior [ RunTime:0.000105s ]
INFO: [ view_filter ] --END-- [ RunTime:0.000120s ]
INFO: [ app_end ] --START--
INFO: Run Behavior\ShowPageTraceBehavior [ RunTime:0.000333s ]
INFO: [ app_end ] --END-- [ RunTime:0.000351s ]

[ 2018-08-10T01:38:58+08:00 ] 61.151.226.151 /
INFO: [ app_init ] --START--
INFO: Run Behavior\BuildLiteBehavior [ RunTime:0.000008s ]
INFO: [ app_init ] --END-- [ RunTime:0.000203s ]
INFO: [ app_begin ] --START--
INFO: Run Behavior\ReadHtmlCacheBehavior [ RunTime:0.001308s ]
INFO: [ app_begin ] --END-- [ RunTime:0.001331s ]
NOTIC: [8] session_start(): A session had already been started - ignoring /data/www/qxc/ThinkPHP/Common/functions.php 第 1263 行.

[ 2018-08-10T01:45:21+08:00 ] 14.25.22.28 /Login/register
INFO: [ app_init ] --START--
INFO: Run Behavior\BuildLiteBehavior [ RunTime:0.000008s ]
INFO: [ app_init ] --END-- [ RunTime:0.000221s ]
INFO: [ app_begin ] --START--
INFO: Run Behavior\ReadHtmlCacheBehavior [ RunTime:0.000314s ]
INFO: [ app_begin ] --END-- [ RunTime:0.000339s ]
NOTIC: [8] session_start(): A session had already been started - ignoring /data/www/qxc/ThinkPHP/Common/functions.php 第 1263 行.
SQL: SHOW COLUMNS FROM `k_admin` [ RunTime:0.0553s ]
SQL: SELECT * FROM `k_admin` WHERE `au_name` = 'admin' LIMIT 1   [ RunTime:0.0006s ]
SQL: UPDATE `k_admin` SET `au_session`='4164e121d2463f15b5cd30a1a41b8cc5',`login_ip`='14.25.22.28',`login_time`='1533836721',`login_sum`='520' WHERE `au_id` = 1 [ RunTime:0.0040s ]
INFO: [ app_end ] --START--
INFO: Run Behavior\ShowPageTraceBehavior [ RunTime:0.000554s ]
INFO: [ app_end ] --END-- [ RunTime:0.000580s ]

[ 2018-08-10T01:45:22+08:00 ] 14.25.22.28 /Index/index
INFO: [ app_init ] --START--
INFO: Run Behavior\BuildLiteBehavior [ RunTime:0.000008s ]
INFO: [ app_init ] --END-- [ RunTime:0.000277s ]
INFO: [ app_begin ] --START--
INFO: Run Behavior\ReadHtmlCacheBehavior [ RunTime:0.000330s ]
INFO: [ app_begin ] --END-- [ RunTime:0.000355s ]
NOTIC: [8] session_start(): A session had already been started - ignoring /data/www/qxc/ThinkPHP/Common/functions.php 第 1263 行.
SQL: SHOW COLUMNS FROM `k_admin` [ RunTime:0.0007s ]
SQL: SELECT `au_session` FROM `k_admin` WHERE `au_id` = 1 LIMIT 1   [ RunTime:0.0003s ]
SQL: SHOW COLUMNS FROM `k_opentime` [ RunTime:0.0005s ]
SQL: SELECT * FROM `k_opentime` ORDER BY id desc LIMIT 1   [ RunTime:0.0003s ]
NOTIC: [8] Undefined variable: time1 /data/www/qxc/webs1/App/Home/Common/function.php 第 27 行.
NOTIC: [8] Undefined variable: titles1 /data/www/qxc/webs1/App/Home/Common/function.php 第 27 行.
NOTIC: [8] Undefined variable: time2 /data/www/qxc/webs1/App/Home/Common/function.php 第 27 行.
NOTIC: [8] Undefined variable: titles2 /data/www/qxc/webs1/App/Home/Common/function.php 第 27 行.
SQL: SHOW COLUMNS FROM `k_news` [ RunTime:0.0004s ]
SQL: SELECT * FROM `k_news` WHERE `n_id` = 1 AND `n_status` = 1 LIMIT 1   [ RunTime:0.0002s ]
INFO: [ view_parse ] --START--
INFO: [ template_filter ] --START--
INFO: Run Behavior\ContentReplaceBehavior [ RunTime:0.000099s ]
INFO: [ template_filter ] --END-- [ RunTime:0.000132s ]
INFO: Run Behavior\ParseTemplateBehavior [ RunTime:0.005675s ]
INFO: [ view_parse ] --END-- [ RunTime:0.005702s ]
INFO: [ view_filter ] --START--
INFO: Run Behavior\WriteHtmlCacheBehavior [ RunTime:0.000126s ]
INFO: [ view_filter ] --END-- [ RunTime:0.000161s ]
INFO: [ app_end ] --START--
INFO: Run Behavior\ShowPageTraceBehavior [ RunTime:0.000378s ]
INFO: [ app_end ] --END-- [ RunTime:0.000405s ]

[ 2018-08-10T01:45:28+08:00 ] 14.25.22.28 /Index/mission
INFO: [ app_init ] --START--
INFO: Run Behavior\BuildLiteBehavior [ RunTime:0.000037s ]
INFO: [ app_init ] --END-- [ RunTime:0.000304s ]
INFO: [ app_begin ] --START--
INFO: Run Behavior\ReadHtmlCacheBehavior [ RunTime:0.000955s ]
INFO: [ app_begin ] --END-- [ RunTime:0.001011s ]
NOTIC: [8] session_start(): A session had already been started - ignoring /data/www/qxc/ThinkPHP/Common/functions.php 第 1263 行.
SQL: SHOW COLUMNS FROM `k_admin` [ RunTime:0.0015s ]
SQL: SELECT `au_session` FROM `k_admin` WHERE `au_id` = 1 LIMIT 1   [ RunTime:0.0003s ]
SQL: SHOW COLUMNS FROM `k_opentime` [ RunTime:0.0005s ]
SQL: SELECT * FROM `k_opentime` ORDER BY id desc LIMIT 1   [ RunTime:0.0002s ]
NOTIC: [8] Undefined variable: time1 /data/www/qxc/webs1/App/Home/Common/function.php 第 27 行.
NOTIC: [8] Undefined variable: titles1 /data/www/qxc/webs1/App/Home/Common/function.php 第 27 行.
NOTIC: [8] Undefined variable: time2 /data/www/qxc/webs1/App/Home/Common/function.php 第 27 行.
NOTIC: [8] Undefined variable: titles2 /data/www/qxc/webs1/App/Home/Common/function.php 第 27 行.
SQL: SELECT * FROM `k_opentime` ORDER BY id desc  [ RunTime:0.0002s ]
INFO: [ view_parse ] --START--
INFO: [ template_filter ] --START--
INFO: Run Behavior\ContentReplaceBehavior [ RunTime:0.000109s ]
INFO: [ template_filter ] --END-- [ RunTime:0.000135s ]
NOTIC: [8] Undefined index: m_opening /data/www/qxc/webs1/App/Runtime/Cache/Home/3248d09e3a2ba1c01ac895ae1b6adf7c.php 第 142 行.
NOTIC: [8] Undefined index: m_remark /data/www/qxc/webs1/App/Runtime/Cache/Home/3248d09e3a2ba1c01ac895ae1b6adf7c.php 第 165 行.
INFO: Run Behavior\ParseTemplateBehavior [ RunTime:0.006081s ]
INFO: [ view_parse ] --END-- [ RunTime:0.006099s ]
INFO: [ view_filter ] --START--
INFO: Run Behavior\WriteHtmlCacheBehavior [ RunTime:0.000098s ]
INFO: [ view_filter ] --END-- [ RunTime:0.000112s ]
INFO: [ app_end ] --START--
INFO: Run Behavior\ShowPageTraceBehavior [ RunTime:0.000336s ]
INFO: [ app_end ] --END-- [ RunTime:0.000358s ]

[ 2018-08-10T01:45:59+08:00 ] 14.25.22.28 /Index/openStatus1
INFO: [ app_init ] --START--
INFO: Run Behavior\BuildLiteBehavior [ RunTime:0.000011s ]
INFO: [ app_init ] --END-- [ RunTime:0.000263s ]
INFO: [ app_begin ] --START--
INFO: Run Behavior\ReadHtmlCacheBehavior [ RunTime:0.000372s ]
INFO: [ app_begin ] --END-- [ RunTime:0.000400s ]
NOTIC: [8] session_start(): A session had already been started - ignoring /data/www/qxc/ThinkPHP/Common/functions.php 第 1263 行.
SQL: SHOW COLUMNS FROM `k_admin` [ RunTime:0.0009s ]
SQL: SELECT `au_session` FROM `k_admin` WHERE `au_id` = 1 LIMIT 1   [ RunTime:0.0003s ]
SQL: SHOW COLUMNS FROM `k_opentime` [ RunTime:0.0010s ]
SQL: SELECT * FROM `k_opentime` ORDER BY id desc LIMIT 1   [ RunTime:0.0003s ]
NOTIC: [8] Undefined variable: time1 /data/www/qxc/webs1/App/Home/Common/function.php 第 27 行.
NOTIC: [8] Undefined variable: titles1 /data/www/qxc/webs1/App/Home/Common/function.php 第 27 行.
NOTIC: [8] Undefined variable: time2 /data/www/qxc/webs1/App/Home/Common/function.php 第 27 行.
NOTIC: [8] Undefined variable: titles2 /data/www/qxc/webs1/App/Home/Common/function.php 第 27 行.
SQL: UPDATE `k_opentime` SET `m_status`='2' WHERE `id` = 70 [ RunTime:0.0038s ]

[ 2018-08-10T01:46:00+08:00 ] 14.25.22.28 /Index/openStatus1
INFO: [ app_init ] --START--
INFO: Run Behavior\BuildLiteBehavior [ RunTime:0.000013s ]
INFO: [ app_init ] --END-- [ RunTime:0.000320s ]
INFO: [ app_begin ] --START--
INFO: Run Behavior\ReadHtmlCacheBehavior [ RunTime:0.000418s ]
INFO: [ app_begin ] --END-- [ RunTime:0.000452s ]
NOTIC: [8] session_start(): A session had already been started - ignoring /data/www/qxc/ThinkPHP/Common/functions.php 第 1263 行.
SQL: SHOW COLUMNS FROM `k_admin` [ RunTime:0.0010s ]
SQL: SELECT `au_session` FROM `k_admin` WHERE `au_id` = 1 LIMIT 1   [ RunTime:0.0003s ]
SQL: SHOW COLUMNS FROM `k_opentime` [ RunTime:0.0006s ]
SQL: SELECT * FROM `k_opentime` ORDER BY id desc LIMIT 1   [ RunTime:0.0003s ]
NOTIC: [8] Undefined variable: time1 /data/www/qxc/webs1/App/Home/Common/function.php 第 27 行.
NOTIC: [8] Undefined variable: time2 /data/www/qxc/webs1/App/Home/Common/function.php 第 27 行.
NOTIC: [8] Undefined variable: titles2 /data/www/qxc/webs1/App/Home/Common/function.php 第 27 行.
SQL: UPDATE `k_opentime` SET `m_status`='2' WHERE `id` = 70 [ RunTime:0.0079s ]

[ 2018-08-10T01:46:01+08:00 ] 14.25.22.28 /Index/openStatus1
INFO: [ app_init ] --START--
INFO: Run Behavior\BuildLiteBehavior [ RunTime:0.000008s ]
INFO: [ app_init ] --END-- [ RunTime:0.000202s ]
INFO: [ app_begin ] --START--
INFO: Run Behavior\ReadHtmlCacheBehavior [ RunTime:0.000297s ]
INFO: [ app_begin ] --END-- [ RunTime:0.000319s ]
NOTIC: [8] session_start(): A session had already been started - ignoring /data/www/qxc/ThinkPHP/Common/functions.php 第 1263 行.
SQL: SHOW COLUMNS FROM `k_admin` [ RunTime:0.0007s ]
SQL: SELECT `au_session` FROM `k_admin` WHERE `au_id` = 1 LIMIT 1   [ RunTime:0.0002s ]
SQL: SHOW COLUMNS FROM `k_opentime` [ RunTime:0.0006s ]
SQL: SELECT * FROM `k_opentime` ORDER BY id desc LIMIT 1   [ RunTime:0.0002s ]
NOTIC: [8] Undefined variable: time1 /data/www/qxc/webs1/App/Home/Common/function.php 第 27 行.
NOTIC: [8] Undefined variable: time2 /data/www/qxc/webs1/App/Home/Common/function.php 第 27 行.
NOTIC: [8] Undefined variable: titles2 /data/www/qxc/webs1/App/Home/Common/function.php 第 27 行.
SQL: UPDATE `k_opentime` SET `m_status`='2' WHERE `id` = 70 [ RunTime:0.0053s ]

[ 2018-08-10T01:46:02+08:00 ] 14.25.22.28 /Index/openStatus1
INFO: [ app_init ] --START--
INFO: Run Behavior\BuildLiteBehavior [ RunTime:0.000009s ]
INFO: [ app_init ] --END-- [ RunTime:0.000256s ]
INFO: [ app_begin ] --START--
INFO: Run Behavior\ReadHtmlCacheBehavior [ RunTime:0.000393s ]
INFO: [ app_begin ] --END-- [ RunTime:0.000423s ]
NOTIC: [8] session_start(): A session had already been started - ignoring /data/www/qxc/ThinkPHP/Common/functions.php 第 1263 行.
SQL: SHOW COLUMNS FROM `k_admin` [ RunTime:0.0007s ]
SQL: SELECT `au_session` FROM `k_admin` WHERE `au_id` = 1 LIMIT 1   [ RunTime:0.0005s ]
SQL: SHOW COLUMNS FROM `k_opentime` [ RunTime:0.0007s ]
SQL: SELECT * FROM `k_opentime` ORDER BY id desc LIMIT 1   [ RunTime:0.0003s ]
NOTIC: [8] Undefined variable: time1 /data/www/qxc/webs1/App/Home/Common/function.php 第 27 行.
NOTIC: [8] Undefined variable: time2 /data/www/qxc/webs1/App/Home/Common/function.php 第 27 行.
NOTIC: [8] Undefined variable: titles2 /data/www/qxc/webs1/App/Home/Common/function.php 第 27 行.
SQL: UPDATE `k_opentime` SET `m_status`='2' WHERE `id` = 70 [ RunTime:0.0124s ]

[ 2018-08-10T01:46:02+08:00 ] 14.25.22.28 /Index/mission
INFO: [ app_init ] --START--
INFO: Run Behavior\BuildLiteBehavior [ RunTime:0.000010s ]
INFO: [ app_init ] --END-- [ RunTime:0.000231s ]
INFO: [ app_begin ] --START--
INFO: Run Behavior\ReadHtmlCacheBehavior [ RunTime:0.000367s ]
INFO: [ app_begin ] --END-- [ RunTime:0.000443s ]
NOTIC: [8] session_start(): A session had already been started - ignoring /data/www/qxc/ThinkPHP/Common/functions.php 第 1263 行.
SQL: SHOW COLUMNS FROM `k_admin` [ RunTime:0.0007s ]
SQL: SELECT `au_session` FROM `k_admin` WHERE `au_id` = 1 LIMIT 1   [ RunTime:0.0002s ]
SQL: SHOW COLUMNS FROM `k_opentime` [ RunTime:0.0005s ]
SQL: SELECT * FROM `k_opentime` ORDER BY id desc LIMIT 1   [ RunTime:0.0002s ]
NOTIC: [8] Undefined variable: time1 /data/www/qxc/webs1/App/Home/Common/function.php 第 27 行.
NOTIC: [8] Undefined variable: time2 /data/www/qxc/webs1/App/Home/Common/function.php 第 27 行.
NOTIC: [8] Undefined variable: titles2 /data/www/qxc/webs1/App/Home/Common/function.php 第 27 行.
SQL: SELECT * FROM `k_opentime` ORDER BY id desc  [ RunTime:0.0002s ]
INFO: [ view_parse ] --START--
INFO: [ template_filter ] --START--
INFO: Run Behavior\ContentReplaceBehavior [ RunTime:0.000106s ]
INFO: [ template_filter ] --END-- [ RunTime:0.000130s ]
NOTIC: [8] Undefined variable: utype1 /data/www/qxc/webs1/App/Runtime/Cache/Home/3248d09e3a2ba1c01ac895ae1b6adf7c.php 第 59 行.
NOTIC: [8] Undefined index: m_opening /data/www/qxc/webs1/App/Runtime/Cache/Home/3248d09e3a2ba1c01ac895ae1b6adf7c.php 第 142 行.
NOTIC: [8] Undefined index: m_remark /data/www/qxc/webs1/App/Runtime/Cache/Home/3248d09e3a2ba1c01ac895ae1b6adf7c.php 第 165 行.
INFO: Run Behavior\ParseTemplateBehavior [ RunTime:0.005937s ]
INFO: [ view_parse ] --END-- [ RunTime:0.005955s ]
INFO: [ view_filter ] --START--
INFO: Run Behavior\WriteHtmlCacheBehavior [ RunTime:0.000101s ]
INFO: [ view_filter ] --END-- [ RunTime:0.000131s ]
INFO: [ app_end ] --START--
INFO: Run Behavior\ShowPageTraceBehavior [ RunTime:0.000308s ]
INFO: [ app_end ] --END-- [ RunTime:0.000328s ]

[ 2018-08-10T01:46:05+08:00 ] 14.25.22.28 /Index/addMission
INFO: [ app_init ] --START--
INFO: Run Behavior\BuildLiteBehavior [ RunTime:0.000009s ]
INFO: [ app_init ] --END-- [ RunTime:0.000228s ]
INFO: [ app_begin ] --START--
INFO: Run Behavior\ReadHtmlCacheBehavior [ RunTime:0.000294s ]
INFO: [ app_begin ] --END-- [ RunTime:0.000324s ]
NOTIC: [8] session_start(): A session had already been started - ignoring /data/www/qxc/ThinkPHP/Common/functions.php 第 1263 行.
SQL: SHOW COLUMNS FROM `k_admin` [ RunTime:0.0008s ]
SQL: SELECT `au_session` FROM `k_admin` WHERE `au_id` = 1 LIMIT 1   [ RunTime:0.0002s ]
SQL: SHOW COLUMNS FROM `k_opentime` [ RunTime:0.0005s ]
SQL: SELECT * FROM `k_opentime` ORDER BY id desc LIMIT 1   [ RunTime:0.0002s ]
NOTIC: [8] Undefined variable: time1 /data/www/qxc/webs1/App/Home/Common/function.php 第 27 行.
NOTIC: [8] Undefined variable: time2 /data/www/qxc/webs1/App/Home/Common/function.php 第 27 行.
NOTIC: [8] Undefined variable: titles2 /data/www/qxc/webs1/App/Home/Common/function.php 第 27 行.
SQL: SELECT * FROM `k_opentime` WHERE `id` = 0 LIMIT 1   [ RunTime:0.0002s ]
SQL: SELECT `qishu`,`m_sales`,`m_loss`,`4ding_xiane`,`2xian_xiane`,`3xian_xiane`,`4xian_xiane`,`2ding_xiane`,`3ding_xiane`,`m_odds` FROM `k_opentime` ORDER BY id desc LIMIT 1   [ RunTime:0.0002s ]
NOTIC: [8] Undefined variable: m_openings1 /data/www/qxc/webs1/App/Home/Controller/IndexController.class.php 第 88 行.
NOTIC: [8] Undefined variable: m_seals1 /data/www/qxc/webs1/App/Home/Controller/IndexController.class.php 第 90 行.
NOTIC: [8] Undefined variable: m_savetimes1 /data/www/qxc/webs1/App/Home/Controller/IndexController.class.php 第 92 行.
NOTIC: [8] Undefined variable: s /data/www/qxc/webs1/App/Home/Controller/IndexController.class.php 第 100 行.
INFO: [ view_parse ] --START--
INFO: [ template_filter ] --START--
INFO: Run Behavior\ContentReplaceBehavior [ RunTime:0.000316s ]
INFO: [ template_filter ] --END-- [ RunTime:0.000355s ]
NOTIC: [8] Undefined index: m_remark /data/www/qxc/webs1/App/Runtime/Cache/Home/4972a3790a698235055958cec8772e60.php 第 524 行.
INFO: Run Behavior\ParseTemplateBehavior [ RunTime:0.016053s ]
INFO: [ view_parse ] --END-- [ RunTime:0.016078s ]
INFO: [ view_filter ] --START--
INFO: Run Behavior\WriteHtmlCacheBehavior [ RunTime:0.000142s ]
INFO: [ view_filter ] --END-- [ RunTime:0.000158s ]
INFO: [ app_end ] --START--
INFO: Run Behavior\ShowPageTraceBehavior [ RunTime:0.000355s ]
INFO: [ app_end ] --END-- [ RunTime:0.000376s ]

[ 2018-08-10T01:46:22+08:00 ] 101.226.93.198 /Index/index
INFO: [ app_init ] --START--
INFO: Run Behavior\BuildLiteBehavior [ RunTime:0.000008s ]
INFO: [ app_init ] --END-- [ RunTime:0.000204s ]
INFO: [ app_begin ] --START--
INFO: Run Behavior\ReadHtmlCacheBehavior [ RunTime:0.000313s ]
INFO: [ app_begin ] --END-- [ RunTime:0.000338s ]
NOTIC: [8] session_start(): A session had already been started - ignoring /data/www/qxc/ThinkPHP/Common/functions.php 第 1263 行.

[ 2018-08-10T01:46:28+08:00 ] 61.151.179.84 /Index/mission
INFO: [ app_init ] --START--
INFO: Run Behavior\BuildLiteBehavior [ RunTime:0.000009s ]
INFO: [ app_init ] --END-- [ RunTime:0.000282s ]
INFO: [ app_begin ] --START--
INFO: Run Behavior\ReadHtmlCacheBehavior [ RunTime:0.000453s ]
INFO: [ app_begin ] --END-- [ RunTime:0.000477s ]
NOTIC: [8] session_start(): A session had already been started - ignoring /data/www/qxc/ThinkPHP/Common/functions.php 第 1263 行.

[ 2018-08-10T01:47:05+08:00 ] 117.144.245.12 /Index/addMission
INFO: [ app_init ] --START--
INFO: Run Behavior\BuildLiteBehavior [ RunTime:0.000012s ]
INFO: [ app_init ] --END-- [ RunTime:0.000256s ]
INFO: [ app_begin ] --START--
INFO: Run Behavior\ReadHtmlCacheBehavior [ RunTime:0.000351s ]
INFO: [ app_begin ] --END-- [ RunTime:0.000377s ]
NOTIC: [8] session_start(): A session had already been started - ignoring /data/www/qxc/ThinkPHP/Common/functions.php 第 1263 行.

[ 2018-08-10T01:47:28+08:00 ] 14.25.22.28 /Index/saveTask
INFO: [ app_init ] --START--
INFO: Run Behavior\BuildLiteBehavior [ RunTime:0.000008s ]
INFO: [ app_init ] --END-- [ RunTime:0.000203s ]
INFO: [ app_begin ] --START--
INFO: Run Behavior\ReadHtmlCacheBehavior [ RunTime:0.000292s ]
INFO: [ app_begin ] --END-- [ RunTime:0.000314s ]
NOTIC: [8] session_start(): A session had already been started - ignoring /data/www/qxc/ThinkPHP/Common/functions.php 第 1263 行.
SQL: SHOW COLUMNS FROM `k_admin` [ RunTime:0.0007s ]
SQL: SELECT `au_session` FROM `k_admin` WHERE `au_id` = 1 LIMIT 1   [ RunTime:0.0002s ]
SQL: SHOW COLUMNS FROM `k_opentime` [ RunTime:0.0004s ]
SQL: SELECT * FROM `k_opentime` ORDER BY id desc LIMIT 1   [ RunTime:0.0002s ]
NOTIC: [8] Undefined variable: time1 /data/www/qxc/webs1/App/Home/Common/function.php 第 27 行.
NOTIC: [8] Undefined variable: time2 /data/www/qxc/webs1/App/Home/Common/function.php 第 27 行.
NOTIC: [8] Undefined variable: titles2 /data/www/qxc/webs1/App/Home/Common/function.php 第 27 行.
SQL: INSERT INTO `k_opentime` (`kaipan`,`fengpan`,`kaijiang`,`m_week`,`m_retreat`,`m_time`,`m_sales`,`m_loss`,`2ding_xiane`,`3ding_xiane`,`4ding_xiane`,`2xian_xiane`,`3xian_xiane`,`4xian_xiane`,`m_odds`,`m_year`,`qishu`) VALUES ('2018-8-10 0:0','2018-8-11 0:0','2018-8-12 0:0','星期日','30','1533836848','{\"ding41\":\"10\",\"ding42\":\"10\",\"ding43\":\"1\",\"tong21\":\"1000\",\"tong22\":\"100\",\"tong23\":\"1\",\"tong31\":\"1000\",\"tong32\":\"100\",\"tong33\":\"1\",\"tong41\":\"10\",\"tong42\":\"10\",\"tong43\":\"1\",\"ding21\":\"20000\",\"ding22\":\"1000\",\"ding23\":\"1\",\"ding31\":\"1000\",\"ding32\":\"200\",\"ding33\":\"1\"}','{\"ding41\":\"9900\",\"ding42\":\"5\",\"ding43\":\"5\",\"ding44\":\"1000\",\"tong211\":\"9\",\"tong212\":\"20\",\"tong213\":\"10\",\"tong214\":\"1.02\",\"tong221\":\"16\",\"tong222\":\"20\",\"tong223\":\"10\",\"tong224\":\"1.91\",\"tong311\":\"45\",\"tong312\":\"20\",\"tong313\":\"10\",\"tong314\":\"4.9\",\"tong321\":\"68\",\"tong322\":\"20\",\"tong323\":\"10\",\"tong324\":\"9.43\",\"tong331\":\"188\",\"tong332\":\"20\",\"tong333\":\"10\",\"tong334\":\"27\",\"tong411\":\"360\",\"tong412\":\"20\",\"tong413\":\"10\",\"tong414\":\"41.6\",\"tong421\":\"666\",\"tong422\":\"20\",\"tong423\":\"10\",\"tong424\":\"83.3\",\"tong431\":\"1200\",\"tong432\":\"20\",\"tong433\":\"10\",\"tong434\":\"166\",\"tong441\":\"1888\",\"tong442\":\"20\",\"tong443\":\"10\",\"tong444\":\"250\",\"tong451\":\"3000\",\"tong452\":\"20\",\"tong453\":\"10\",\"tong454\":\"1000\",\"ding21\":\"99.8\",\"ding22\":\"5\",\"ding23\":\"5\",\"ding24\":\"0.02\",\"ding31\":\"995\",\"ding32\":\"50\",\"ding33\":\"20\",\"ding34\":\"50\"}','1','1','1','1','1','1','1','','18085') [ RunTime:0.0043s ]
INFO: [ app_end ] --START--
INFO: Run Behavior\ShowPageTraceBehavior [ RunTime:0.000472s ]
INFO: [ app_end ] --END-- [ RunTime:0.000511s ]

[ 2018-08-10T01:47:33+08:00 ] 14.25.22.28 /Index/mission
INFO: [ app_init ] --START--
INFO: Run Behavior\BuildLiteBehavior [ RunTime:0.000008s ]
INFO: [ app_init ] --END-- [ RunTime:0.000221s ]
INFO: [ app_begin ] --START--
INFO: Run Behavior\ReadHtmlCacheBehavior [ RunTime:0.000304s ]
INFO: [ app_begin ] --END-- [ RunTime:0.000326s ]
NOTIC: [8] session_start(): A session had already been started - ignoring /data/www/qxc/ThinkPHP/Common/functions.php 第 1263 行.
SQL: SHOW COLUMNS FROM `k_admin` [ RunTime:0.0008s ]
SQL: SELECT `au_session` FROM `k_admin` WHERE `au_id` = 1 LIMIT 1   [ RunTime:0.0003s ]
SQL: SHOW COLUMNS FROM `k_opentime` [ RunTime:0.0006s ]
SQL: SELECT * FROM `k_opentime` ORDER BY id desc LIMIT 1   [ RunTime:0.0003s ]
NOTIC: [8] Undefined variable: time1 /data/www/qxc/webs1/App/Home/Common/function.php 第 27 行.
NOTIC: [8] Undefined variable: time2 /data/www/qxc/webs1/App/Home/Common/function.php 第 27 行.
NOTIC: [8] Undefined variable: titles2 /data/www/qxc/webs1/App/Home/Common/function.php 第 27 行.
SQL: SELECT * FROM `k_opentime` ORDER BY id desc  [ RunTime:0.0002s ]
INFO: [ view_parse ] --START--
INFO: [ template_filter ] --START--
INFO: Run Behavior\ContentReplaceBehavior [ RunTime:0.000122s ]
INFO: [ template_filter ] --END-- [ RunTime:0.000158s ]
NOTIC: [8] Undefined variable: utype1 /data/www/qxc/webs1/App/Runtime/Cache/Home/3248d09e3a2ba1c01ac895ae1b6adf7c.php 第 59 行.
NOTIC: [8] Undefined index: m_opening /data/www/qxc/webs1/App/Runtime/Cache/Home/3248d09e3a2ba1c01ac895ae1b6adf7c.php 第 142 行.
NOTIC: [8] Undefined index: m_remark /data/www/qxc/webs1/App/Runtime/Cache/Home/3248d09e3a2ba1c01ac895ae1b6adf7c.php 第 165 行.
NOTIC: [8] Undefined index: m_opening /data/www/qxc/webs1/App/Runtime/Cache/Home/3248d09e3a2ba1c01ac895ae1b6adf7c.php 第 142 行.
NOTIC: [8] Undefined index: m_remark /data/www/qxc/webs1/App/Runtime/Cache/Home/3248d09e3a2ba1c01ac895ae1b6adf7c.php 第 165 行.
INFO: Run Behavior\ParseTemplateBehavior [ RunTime:0.006577s ]
INFO: [ view_parse ] --END-- [ RunTime:0.006595s ]
INFO: [ view_filter ] --START--
INFO: Run Behavior\WriteHtmlCacheBehavior [ RunTime:0.000102s ]
INFO: [ view_filter ] --END-- [ RunTime:0.000115s ]
INFO: [ app_end ] --START--
INFO: Run Behavior\ShowPageTraceBehavior [ RunTime:0.000376s ]
INFO: [ app_end ] --END-- [ RunTime:0.000397s ]

[ 2018-08-10T01:47:45+08:00 ] 14.25.22.28 /Index/excels
INFO: [ app_init ] --START--
INFO: Run Behavior\BuildLiteBehavior [ RunTime:0.000008s ]
INFO: [ app_init ] --END-- [ RunTime:0.000212s ]
INFO: [ app_begin ] --START--
INFO: Run Behavior\ReadHtmlCacheBehavior [ RunTime:0.000309s ]
INFO: [ app_begin ] --END-- [ RunTime:0.000335s ]
NOTIC: [8] session_start(): A session had already been started - ignoring /data/www/qxc/ThinkPHP/Common/functions.php 第 1263 行.
SQL: SHOW COLUMNS FROM `k_admin` [ RunTime:0.0007s ]
SQL: SELECT `au_session` FROM `k_admin` WHERE `au_id` = 1 LIMIT 1   [ RunTime:0.0002s ]
SQL: SHOW COLUMNS FROM `k_opentime` [ RunTime:0.0004s ]
SQL: SELECT * FROM `k_opentime` ORDER BY id desc LIMIT 1   [ RunTime:0.0002s ]
NOTIC: [8] Undefined variable: time1 /data/www/qxc/webs1/App/Home/Common/function.php 第 27 行.
NOTIC: [8] Undefined variable: time2 /data/www/qxc/webs1/App/Home/Common/function.php 第 27 行.
NOTIC: [8] Undefined variable: titles2 /data/www/qxc/webs1/App/Home/Common/function.php 第 27 行.
SQL: SELECT `id`,`qishu`,`kaipan`,`m_status`,`m_time` FROM `k_opentime` ORDER BY id desc  [ RunTime:0.0002s ]
SQL: SHOW COLUMNS FROM `k_bet` [ RunTime:0.0005s ]
SQL: SELECT COUNT(*) AS tp_count FROM `k_bet` WHERE `qishu` = '18085' AND `js` = 0 LIMIT 1   [ RunTime:0.0491s ]
SQL: SELECT `win`,`did`,`username`,`tuima_time`,`addtime`,`mingxi_1`,`mingxi_2`,`odds`,`money`,`js`,`status`,`topmoney`,`topwin` FROM `k_bet` WHERE `qishu` = '18085' AND `js` = 0 ORDER BY id desc LIMIT 0,72   [ RunTime:0.0006s ]
INFO: [ view_parse ] --START--
INFO: [ template_filter ] --START--
INFO: Run Behavior\ContentReplaceBehavior [ RunTime:0.000096s ]
INFO: [ template_filter ] --END-- [ RunTime:0.000123s ]
INFO: Run Behavior\ParseTemplateBehavior [ RunTime:0.065548s ]
INFO: [ view_parse ] --END-- [ RunTime:0.065589s ]
INFO: [ view_filter ] --START--
INFO: Run Behavior\WriteHtmlCacheBehavior [ RunTime:0.000134s ]
INFO: [ view_filter ] --END-- [ RunTime:0.000148s ]
INFO: [ app_end ] --START--
INFO: Run Behavior\ShowPageTraceBehavior [ RunTime:0.000385s ]
INFO: [ app_end ] --END-- [ RunTime:0.000409s ]

[ 2018-08-10T01:48:45+08:00 ] 61.151.226.67 /Index/excels
INFO: [ app_init ] --START--
INFO: Run Behavior\BuildLiteBehavior [ RunTime:0.000030s ]
INFO: [ app_init ] --END-- [ RunTime:0.000218s ]
INFO: [ app_begin ] --START--
INFO: Run Behavior\ReadHtmlCacheBehavior [ RunTime:0.000291s ]
INFO: [ app_begin ] --END-- [ RunTime:0.000313s ]
NOTIC: [8] session_start(): A session had already been started - ignoring /data/www/qxc/ThinkPHP/Common/functions.php 第 1263 行.

[ 2018-08-10T01:50:02+08:00 ] 14.25.22.28 /Index/index
INFO: [ app_init ] --START--
INFO: Run Behavior\BuildLiteBehavior [ RunTime:0.000012s ]
INFO: [ app_init ] --END-- [ RunTime:0.000267s ]
INFO: [ app_begin ] --START--
INFO: Run Behavior\ReadHtmlCacheBehavior [ RunTime:0.000323s ]
INFO: [ app_begin ] --END-- [ RunTime:0.000348s ]
NOTIC: [8] session_start(): A session had already been started - ignoring /data/www/qxc/ThinkPHP/Common/functions.php 第 1263 行.
SQL: SHOW COLUMNS FROM `k_admin` [ RunTime:0.0006s ]
SQL: SELECT `au_session` FROM `k_admin` WHERE `au_id` = 1 LIMIT 1   [ RunTime:0.0002s ]
SQL: SHOW COLUMNS FROM `k_opentime` [ RunTime:0.0004s ]
SQL: SELECT * FROM `k_opentime` ORDER BY id desc LIMIT 1   [ RunTime:0.0003s ]
NOTIC: [8] Undefined variable: time1 /data/www/qxc/webs1/App/Home/Common/function.php 第 27 行.
NOTIC: [8] Undefined variable: time2 /data/www/qxc/webs1/App/Home/Common/function.php 第 27 行.
NOTIC: [8] Undefined variable: titles2 /data/www/qxc/webs1/App/Home/Common/function.php 第 27 行.
SQL: SHOW COLUMNS FROM `k_news` [ RunTime:0.0003s ]
SQL: SELECT * FROM `k_news` WHERE `n_id` = 1 AND `n_status` = 1 LIMIT 1   [ RunTime:0.0002s ]
INFO: [ view_parse ] --START--
INFO: [ template_filter ] --START--
INFO: Run Behavior\ContentReplaceBehavior [ RunTime:0.000148s ]
INFO: [ template_filter ] --END-- [ RunTime:0.000177s ]
INFO: Run Behavior\ParseTemplateBehavior [ RunTime:0.005865s ]
INFO: [ view_parse ] --END-- [ RunTime:0.005888s ]
INFO: [ view_filter ] --START--
INFO: Run Behavior\WriteHtmlCacheBehavior [ RunTime:0.000101s ]
INFO: [ view_filter ] --END-- [ RunTime:0.000116s ]
INFO: [ app_end ] --START--
INFO: Run Behavior\ShowPageTraceBehavior [ RunTime:0.000340s ]
INFO: [ app_end ] --END-- [ RunTime:0.000363s ]

[ 2018-08-10T01:50:05+08:00 ] 14.25.22.28 /Index/excels
INFO: [ app_init ] --START--
INFO: Run Behavior\BuildLiteBehavior [ RunTime:0.000007s ]
INFO: [ app_init ] --END-- [ RunTime:0.000219s ]
INFO: [ app_begin ] --START--
INFO: Run Behavior\ReadHtmlCacheBehavior [ RunTime:0.000272s ]
INFO: [ app_begin ] --END-- [ RunTime:0.000298s ]
NOTIC: [8] session_start(): A session had already been started - ignoring /data/www/qxc/ThinkPHP/Common/functions.php 第 1263 行.
SQL: SHOW COLUMNS FROM `k_admin` [ RunTime:0.0007s ]
SQL: SELECT `au_session` FROM `k_admin` WHERE `au_id` = 1 LIMIT 1   [ RunTime:0.0002s ]
SQL: SHOW COLUMNS FROM `k_opentime` [ RunTime:0.0005s ]
SQL: SELECT * FROM `k_opentime` ORDER BY id desc LIMIT 1   [ RunTime:0.0003s ]
NOTIC: [8] Undefined variable: time1 /data/www/qxc/webs1/App/Home/Common/function.php 第 27 行.
NOTIC: [8] Undefined variable: time2 /data/www/qxc/webs1/App/Home/Common/function.php 第 27 行.
NOTIC: [8] Undefined variable: titles2 /data/www/qxc/webs1/App/Home/Common/function.php 第 27 行.
SQL: SELECT `id`,`qishu`,`kaipan`,`m_status`,`m_time` FROM `k_opentime` ORDER BY id desc  [ RunTime:0.0002s ]
SQL: SHOW COLUMNS FROM `k_bet` [ RunTime:0.0005s ]
SQL: SELECT COUNT(*) AS tp_count FROM `k_bet` WHERE `qishu` = '18085' AND `js` = 0 LIMIT 1   [ RunTime:0.0002s ]
SQL: SELECT `win`,`did`,`username`,`tuima_time`,`addtime`,`mingxi_1`,`mingxi_2`,`odds`,`money`,`js`,`status`,`topmoney`,`topwin` FROM `k_bet` WHERE `qishu` = '18085' AND `js` = 0 ORDER BY id desc LIMIT 0,72   [ RunTime:0.0002s ]
INFO: [ view_parse ] --START--
INFO: [ template_filter ] --START--
INFO: Run Behavior\ContentReplaceBehavior [ RunTime:0.000087s ]
INFO: [ template_filter ] --END-- [ RunTime:0.000113s ]
INFO: Run Behavior\ParseTemplateBehavior [ RunTime:0.005881s ]
INFO: [ view_parse ] --END-- [ RunTime:0.005905s ]
INFO: [ view_filter ] --START--
INFO: Run Behavior\WriteHtmlCacheBehavior [ RunTime:0.000140s ]
INFO: [ view_filter ] --END-- [ RunTime:0.000155s ]
INFO: [ app_end ] --START--
INFO: Run Behavior\ShowPageTraceBehavior [ RunTime:0.000349s ]
INFO: [ app_end ] --END-- [ RunTime:0.000370s ]

[ 2018-08-10T01:50:18+08:00 ] 14.25.22.28 /Index/mission
INFO: [ app_init ] --START--
INFO: Run Behavior\BuildLiteBehavior [ RunTime:0.000012s ]
INFO: [ app_init ] --END-- [ RunTime:0.000337s ]
INFO: [ app_begin ] --START--
INFO: Run Behavior\ReadHtmlCacheBehavior [ RunTime:0.000432s ]
INFO: [ app_begin ] --END-- [ RunTime:0.000463s ]
NOTIC: [8] session_start(): A session had already been started - ignoring /data/www/qxc/ThinkPHP/Common/functions.php 第 1263 行.
SQL: SHOW COLUMNS FROM `k_admin` [ RunTime:0.0010s ]
SQL: SELECT `au_session` FROM `k_admin` WHERE `au_id` = 1 LIMIT 1   [ RunTime:0.0003s ]
SQL: SHOW COLUMNS FROM `k_opentime` [ RunTime:0.0006s ]
SQL: SELECT * FROM `k_opentime` ORDER BY id desc LIMIT 1   [ RunTime:0.0003s ]
NOTIC: [8] Undefined variable: time1 /data/www/qxc/webs1/App/Home/Common/function.php 第 27 行.
NOTIC: [8] Undefined variable: time2 /data/www/qxc/webs1/App/Home/Common/function.php 第 27 行.
NOTIC: [8] Undefined variable: titles2 /data/www/qxc/webs1/App/Home/Common/function.php 第 27 行.
SQL: SELECT * FROM `k_opentime` ORDER BY id desc  [ RunTime:0.0003s ]
INFO: [ view_parse ] --START--
INFO: [ template_filter ] --START--
INFO: Run Behavior\ContentReplaceBehavior [ RunTime:0.000135s ]
INFO: [ template_filter ] --END-- [ RunTime:0.000260s ]
NOTIC: [8] Undefined variable: utype1 /data/www/qxc/webs1/App/Runtime/Cache/Home/3248d09e3a2ba1c01ac895ae1b6adf7c.php 第 59 行.
NOTIC: [8] Undefined index: m_opening /data/www/qxc/webs1/App/Runtime/Cache/Home/3248d09e3a2ba1c01ac895ae1b6adf7c.php 第 142 行.
NOTIC: [8] Undefined index: m_remark /data/www/qxc/webs1/App/Runtime/Cache/Home/3248d09e3a2ba1c01ac895ae1b6adf7c.php 第 165 行.
NOTIC: [8] Undefined index: m_opening /data/www/qxc/webs1/App/Runtime/Cache/Home/3248d09e3a2ba1c01ac895ae1b6adf7c.php 第 142 行.
NOTIC: [8] Undefined index: m_remark /data/www/qxc/webs1/App/Runtime/Cache/Home/3248d09e3a2ba1c01ac895ae1b6adf7c.php 第 165 行.
INFO: Run Behavior\ParseTemplateBehavior [ RunTime:0.008407s ]
INFO: [ view_parse ] --END-- [ RunTime:0.008430s ]
INFO: [ view_filter ] --START--
INFO: Run Behavior\WriteHtmlCacheBehavior [ RunTime:0.000145s ]
INFO: [ view_filter ] --END-- [ RunTime:0.000164s ]
INFO: [ app_end ] --START--
INFO: Run Behavior\ShowPageTraceBehavior [ RunTime:0.000440s ]
INFO: [ app_end ] --END-- [ RunTime:0.000467s ]

[ 2018-08-10T01:50:30+08:00 ] 14.25.22.28 /Index/excels
INFO: [ app_init ] --START--
INFO: Run Behavior\BuildLiteBehavior [ RunTime:0.000010s ]
INFO: [ app_init ] --END-- [ RunTime:0.000331s ]
INFO: [ app_begin ] --START--
INFO: Run Behavior\ReadHtmlCacheBehavior [ RunTime:0.000729s ]
INFO: [ app_begin ] --END-- [ RunTime:0.000756s ]
NOTIC: [8] session_start(): A session had already been started - ignoring /data/www/qxc/ThinkPHP/Common/functions.php 第 1263 行.
SQL: SHOW COLUMNS FROM `k_admin` [ RunTime:0.0011s ]
SQL: SELECT `au_session` FROM `k_admin` WHERE `au_id` = 1 LIMIT 1   [ RunTime:0.0003s ]
SQL: SHOW COLUMNS FROM `k_opentime` [ RunTime:0.0046s ]
SQL: SELECT * FROM `k_opentime` ORDER BY id desc LIMIT 1   [ RunTime:0.0003s ]
NOTIC: [8] Undefined variable: time1 /data/www/qxc/webs1/App/Home/Common/function.php 第 27 行.
NOTIC: [8] Undefined variable: time2 /data/www/qxc/webs1/App/Home/Common/function.php 第 27 行.
NOTIC: [8] Undefined variable: titles2 /data/www/qxc/webs1/App/Home/Common/function.php 第 27 行.
SQL: SELECT `id`,`qishu`,`kaipan`,`m_status`,`m_time` FROM `k_opentime` ORDER BY id desc  [ RunTime:0.0002s ]
SQL: SHOW COLUMNS FROM `k_bet` [ RunTime:0.0006s ]
SQL: SELECT COUNT(*) AS tp_count FROM `k_bet` WHERE `qishu` = '18085' AND `js` = 0 LIMIT 1   [ RunTime:0.0003s ]
SQL: SELECT `win`,`did`,`username`,`tuima_time`,`addtime`,`mingxi_1`,`mingxi_2`,`odds`,`money`,`js`,`status`,`topmoney`,`topwin` FROM `k_bet` WHERE `qishu` = '18085' AND `js` = 0 ORDER BY id desc LIMIT 0,72   [ RunTime:0.0003s ]
INFO: [ view_parse ] --START--
INFO: [ template_filter ] --START--
INFO: Run Behavior\ContentReplaceBehavior [ RunTime:0.000089s ]
INFO: [ template_filter ] --END-- [ RunTime:0.000121s ]
INFO: Run Behavior\ParseTemplateBehavior [ RunTime:0.007204s ]
INFO: [ view_parse ] --END-- [ RunTime:0.007233s ]
INFO: [ view_filter ] --START--
INFO: Run Behavior\WriteHtmlCacheBehavior [ RunTime:0.000111s ]
INFO: [ view_filter ] --END-- [ RunTime:0.000126s ]
INFO: [ app_end ] --START--
INFO: Run Behavior\ShowPageTraceBehavior [ RunTime:0.000373s ]
INFO: [ app_end ] --END-- [ RunTime:0.000396s ]

[ 2018-08-10T01:50:47+08:00 ] 14.25.22.28 /Data/lotteryOrder
INFO: [ app_init ] --START--
INFO: Run Behavior\BuildLiteBehavior [ RunTime:0.000011s ]
INFO: [ app_init ] --END-- [ RunTime:0.000314s ]
INFO: [ app_begin ] --START--
INFO: Run Behavior\ReadHtmlCacheBehavior [ RunTime:0.000399s ]
INFO: [ app_begin ] --END-- [ RunTime:0.000426s ]
NOTIC: [8] session_start(): A session had already been started - ignoring /data/www/qxc/ThinkPHP/Common/functions.php 第 1263 行.
SQL: SHOW COLUMNS FROM `k_admin` [ RunTime:0.0009s ]
SQL: SELECT `au_session` FROM `k_admin` WHERE `au_id` = 1 LIMIT 1   [ RunTime:0.0003s ]
SQL: SHOW COLUMNS FROM `k_opentime` [ RunTime:0.0007s ]
SQL: SELECT * FROM `k_opentime` ORDER BY id desc LIMIT 1   [ RunTime:0.0003s ]
NOTIC: [8] Undefined variable: time1 /data/www/qxc/webs1/App/Home/Common/function.php 第 27 行.
NOTIC: [8] Undefined variable: time2 /data/www/qxc/webs1/App/Home/Common/function.php 第 27 行.
NOTIC: [8] Undefined variable: titles2 /data/www/qxc/webs1/App/Home/Common/function.php 第 27 行.
SQL: SHOW COLUMNS FROM `k_user` [ RunTime:0.0008s ]
NOTIC: [8] Undefined variable: where /data/www/qxc/webs1/App/Home/Common/function.php 第 55 行.
SQL: SELECT `uid` FROM `k_user`  [ RunTime:0.0002s ]
NOTIC: [8] Undefined variable: arruid /data/www/qxc/webs1/App/Home/Common/function.php 第 104 行.
SQL: SELECT `id`,`qishu`,`kaipan`,`m_status`,`m_time` FROM `k_opentime` ORDER BY id desc  [ RunTime:0.0002s ]
SQL: SHOW COLUMNS FROM `k_bet` [ RunTime:0.0006s ]
SQL: SELECT COUNT(*) AS tp_count FROM `k_bet` WHERE `uid` IN ('17','18','19','20') AND `status` = 1 AND `qishu` = '18085' AND `js` = 0 LIMIT 1   [ RunTime:0.0003s ]
SQL: SELECT `win`,`did`,`username`,`tuima_time`,`addtime`,`mingxi_1`,`mingxi_2`,`odds`,`money`,`js`,`status`,`topwin`,`topmoney` FROM `k_bet` WHERE `uid` IN ('17','18','19','20') AND `status` = 1 AND `qishu` = '18085' AND `js` = 0 ORDER BY id desc LIMIT 0,50   [ RunTime:0.0003s ]
NOTIC: [8] Undefined variable: datas1 /data/www/qxc/webs1/App/Home/Controller/DataController.class.php 第 898 行.
NOTIC: [8] Undefined variable: data1 /data/www/qxc/webs1/App/Home/Controller/DataController.class.php 第 909 行.
INFO: [ view_parse ] --START--
INFO: [ template_filter ] --START--
INFO: Run Behavior\ContentReplaceBehavior [ RunTime:0.000091s ]
INFO: [ template_filter ] --END-- [ RunTime:0.000127s ]
INFO: Run Behavior\ParseTemplateBehavior [ RunTime:0.007701s ]
INFO: [ view_parse ] --END-- [ RunTime:0.007730s ]
INFO: [ view_filter ] --START--
INFO: Run Behavior\WriteHtmlCacheBehavior [ RunTime:0.000129s ]
INFO: [ view_filter ] --END-- [ RunTime:0.000149s ]
INFO: [ app_end ] --START--
INFO: Run Behavior\ShowPageTraceBehavior [ RunTime:0.000474s ]
INFO: [ app_end ] --END-- [ RunTime:0.000502s ]

[ 2018-08-10T01:50:51+08:00 ] 14.25.22.28 /Data/intercepts
INFO: [ app_init ] --START--
INFO: Run Behavior\BuildLiteBehavior [ RunTime:0.000011s ]
INFO: [ app_init ] --END-- [ RunTime:0.000281s ]
INFO: [ app_begin ] --START--
INFO: Run Behavior\ReadHtmlCacheBehavior [ RunTime:0.000374s ]
INFO: [ app_begin ] --END-- [ RunTime:0.000402s ]
NOTIC: [8] session_start(): A session had already been started - ignoring /data/www/qxc/ThinkPHP/Common/functions.php 第 1263 行.
SQL: SHOW COLUMNS FROM `k_admin` [ RunTime:0.0011s ]
SQL: SELECT `au_session` FROM `k_admin` WHERE `au_id` = 1 LIMIT 1   [ RunTime:0.0003s ]
SQL: SHOW COLUMNS FROM `k_opentime` [ RunTime:0.0007s ]
SQL: SELECT * FROM `k_opentime` ORDER BY id desc LIMIT 1   [ RunTime:0.0003s ]
NOTIC: [8] Undefined variable: time1 /data/www/qxc/webs1/App/Home/Common/function.php 第 27 行.
NOTIC: [8] Undefined variable: time2 /data/www/qxc/webs1/App/Home/Common/function.php 第 27 行.
NOTIC: [8] Undefined variable: titles2 /data/www/qxc/webs1/App/Home/Common/function.php 第 27 行.
SQL: SHOW COLUMNS FROM `k_user` [ RunTime:0.0009s ]
NOTIC: [8] Undefined variable: where /data/www/qxc/webs1/App/Home/Common/function.php 第 55 行.
SQL: SELECT `uid` FROM `k_user`  [ RunTime:0.0002s ]
NOTIC: [8] Undefined variable: arruid /data/www/qxc/webs1/App/Home/Common/function.php 第 104 行.
SQL: SELECT `id`,`qishu`,`kaipan`,`m_status`,`m_time` FROM `k_opentime` ORDER BY id desc  [ RunTime:0.0002s ]
SQL: SELECT `m_status` FROM `k_opentime` WHERE `qishu` = 18085 LIMIT 1   [ RunTime:0.0002s ]
SQL: SHOW COLUMNS FROM `k_bet` [ RunTime:0.0008s ]
SQL: SELECT COUNT(*) AS tp_count FROM `k_bet` WHERE `uid` IN ('17','18','19','20') AND `status` = 1 AND `qishu` = '18085' LIMIT 1   [ RunTime:0.0003s ]
SQL: SELECT `win`,`did`,`username`,`tuima_time`,`addtime`,`mingxi_1`,`mingxi_2`,`odds`,`money`,`js`,`status`,`topwin`,`topmoney` FROM `k_bet` WHERE `uid` IN ('17','18','19','20') AND `status` = 1 AND `qishu` = '18085' ORDER BY id desc LIMIT 0,72   [ RunTime:0.0003s ]
NOTIC: [8] Undefined variable: datas1 /data/www/qxc/webs1/App/Home/Controller/DataController.class.php 第 463 行.
NOTIC: [8] Undefined variable: data1 /data/www/qxc/webs1/App/Home/Controller/DataController.class.php 第 474 行.
INFO: [ view_parse ] --START--
INFO: [ template_filter ] --START--
INFO: Run Behavior\ContentReplaceBehavior [ RunTime:0.000110s ]
INFO: [ template_filter ] --END-- [ RunTime:0.000144s ]
INFO: Run Behavior\ParseTemplateBehavior [ RunTime:0.008520s ]
INFO: [ view_parse ] --END-- [ RunTime:0.008564s ]
INFO: [ view_filter ] --START--
INFO: Run Behavior\WriteHtmlCacheBehavior [ RunTime:0.000134s ]
INFO: [ view_filter ] --END-- [ RunTime:0.000156s ]
INFO: [ app_end ] --START--
INFO: Run Behavior\ShowPageTraceBehavior [ RunTime:0.000706s ]
INFO: [ app_end ] --END-- [ RunTime:0.000736s ]

[ 2018-08-10T01:51:12+08:00 ] 14.25.22.28 /User/datas
INFO: [ app_init ] --START--
INFO: Run Behavior\BuildLiteBehavior [ RunTime:0.000011s ]
INFO: [ app_init ] --END-- [ RunTime:0.000302s ]
INFO: [ app_begin ] --START--
INFO: Run Behavior\ReadHtmlCacheBehavior [ RunTime:0.000469s ]
INFO: [ app_begin ] --END-- [ RunTime:0.000528s ]
NOTIC: [8] session_start(): A session had already been started - ignoring /data/www/qxc/ThinkPHP/Common/functions.php 第 1263 行.
SQL: SHOW COLUMNS FROM `k_admin` [ RunTime:0.0009s ]
SQL: SELECT `au_session` FROM `k_admin` WHERE `au_id` = 1 LIMIT 1   [ RunTime:0.0003s ]
SQL: SHOW COLUMNS FROM `k_opentime` [ RunTime:0.0008s ]
SQL: SELECT * FROM `k_opentime` ORDER BY id desc LIMIT 1   [ RunTime:0.0003s ]
NOTIC: [8] Undefined variable: time1 /data/www/qxc/webs1/App/Home/Common/function.php 第 27 行.
NOTIC: [8] Undefined variable: time2 /data/www/qxc/webs1/App/Home/Common/function.php 第 27 行.
NOTIC: [8] Undefined variable: titles2 /data/www/qxc/webs1/App/Home/Common/function.php 第 27 行.
SQL: SHOW COLUMNS FROM `k_user` [ RunTime:0.0008s ]
NOTIC: [8] Undefined variable: where /data/www/qxc/webs1/App/Home/Common/function.php 第 55 行.
SQL: SELECT `uid` FROM `k_user`  [ RunTime:0.0002s ]
NOTIC: [8] Undefined variable: arruid /data/www/qxc/webs1/App/Home/Common/function.php 第 104 行.
SQL: SELECT COUNT(*) AS tp_count FROM `k_user` WHERE `uid` IN ('17','18','19','20') LIMIT 1   [ RunTime:0.0003s ]
NOTIC: [8] Undefined variable: theFirst /data/www/qxc/ThinkPHP/Library/Think/Page.class.php 第 152 行.
SQL: SELECT * FROM `k_user` WHERE `uid` IN ('17','18','19','20') ORDER BY uid desc LIMIT 0,20   [ RunTime:0.0004s ]
INFO: [ view_parse ] --START--
INFO: [ template_filter ] --START--
INFO: Run Behavior\ContentReplaceBehavior [ RunTime:0.000116s ]
INFO: [ template_filter ] --END-- [ RunTime:0.000147s ]
NOTIC: [8] Undefined variable: user /data/www/qxc/webs1/App/Runtime/Cache/Home/062cb66f39a29e4885743c2f2ccaf797.php 第 33 行.
NOTIC: [8] Undefined variable: user /data/www/qxc/webs1/App/Runtime/Cache/Home/062cb66f39a29e4885743c2f2ccaf797.php 第 33 行.
NOTIC: [8] Undefined variable: user /data/www/qxc/webs1/App/Runtime/Cache/Home/062cb66f39a29e4885743c2f2ccaf797.php 第 33 行.
NOTIC: [8] Undefined variable: user /data/www/qxc/webs1/App/Runtime/Cache/Home/062cb66f39a29e4885743c2f2ccaf797.php 第 33 行.
INFO: Run Behavior\ParseTemplateBehavior [ RunTime:0.007035s ]
INFO: [ view_parse ] --END-- [ RunTime:0.007057s ]
INFO: [ view_filter ] --START--
INFO: Run Behavior\WriteHtmlCacheBehavior [ RunTime:0.000121s ]
INFO: [ view_filter ] --END-- [ RunTime:0.000140s ]
INFO: [ app_end ] --START--
INFO: Run Behavior\ShowPageTraceBehavior [ RunTime:0.000440s ]
INFO: [ app_end ] --END-- [ RunTime:0.000470s ]

[ 2018-08-10T01:51:40+08:00 ] 14.25.22.28 /User/lockUser1
INFO: [ app_init ] --START--
INFO: Run Behavior\BuildLiteBehavior [ RunTime:0.000010s ]
INFO: [ app_init ] --END-- [ RunTime:0.000306s ]
INFO: [ app_begin ] --START--
INFO: Run Behavior\ReadHtmlCacheBehavior [ RunTime:0.000376s ]
INFO: [ app_begin ] --END-- [ RunTime:0.000403s ]
NOTIC: [8] session_start(): A session had already been started - ignoring /data/www/qxc/ThinkPHP/Common/functions.php 第 1263 行.
SQL: SHOW COLUMNS FROM `k_admin` [ RunTime:0.0009s ]
SQL: SELECT `au_session` FROM `k_admin` WHERE `au_id` = 1 LIMIT 1   [ RunTime:0.0003s ]
SQL: SHOW COLUMNS FROM `k_opentime` [ RunTime:0.0006s ]
SQL: SELECT * FROM `k_opentime` ORDER BY id desc LIMIT 1   [ RunTime:0.0003s ]
NOTIC: [8] Undefined variable: time1 /data/www/qxc/webs1/App/Home/Common/function.php 第 27 行.
NOTIC: [8] Undefined variable: time2 /data/www/qxc/webs1/App/Home/Common/function.php 第 27 行.
NOTIC: [8] Undefined variable: titles2 /data/www/qxc/webs1/App/Home/Common/function.php 第 27 行.
SQL: SHOW COLUMNS FROM `k_user` [ RunTime:0.0009s ]
SQL: UPDATE `k_user` SET `lock`='2' WHERE `uid` = 19 [ RunTime:0.0043s ]
INFO: [ app_end ] --START--
INFO: Run Behavior\ShowPageTraceBehavior [ RunTime:0.000789s ]
INFO: [ app_end ] --END-- [ RunTime:0.000836s ]

[ 2018-08-10T01:51:47+08:00 ] 101.227.131.207 /Data/lotteryOrder
INFO: [ app_init ] --START--
INFO: Run Behavior\BuildLiteBehavior [ RunTime:0.000014s ]
INFO: [ app_init ] --END-- [ RunTime:0.000817s ]
INFO: [ app_begin ] --START--
INFO: Run Behavior\ReadHtmlCacheBehavior [ RunTime:0.001044s ]
INFO: [ app_begin ] --END-- [ RunTime:0.001094s ]
NOTIC: [8] session_start(): A session had already been started - ignoring /data/www/qxc/ThinkPHP/Common/functions.php 第 1263 行.

[ 2018-08-10T01:51:51+08:00 ] 61.151.178.177 /Data/intercepts
INFO: [ app_init ] --START--
INFO: Run Behavior\BuildLiteBehavior [ RunTime:0.000010s ]
INFO: [ app_init ] --END-- [ RunTime:0.000260s ]
INFO: [ app_begin ] --START--
INFO: Run Behavior\ReadHtmlCacheBehavior [ RunTime:0.000360s ]
INFO: [ app_begin ] --END-- [ RunTime:0.000385s ]
NOTIC: [8] session_start(): A session had already been started - ignoring /data/www/qxc/ThinkPHP/Common/functions.php 第 1263 行.

[ 2018-08-10T01:52:12+08:00 ] 61.151.225.189 /User/datas
INFO: [ app_init ] --START--
INFO: Run Behavior\BuildLiteBehavior [ RunTime:0.000009s ]
INFO: [ app_init ] --END-- [ RunTime:0.000303s ]
INFO: [ app_begin ] --START--
INFO: Run Behavior\ReadHtmlCacheBehavior [ RunTime:0.000426s ]
INFO: [ app_begin ] --END-- [ RunTime:0.000472s ]
NOTIC: [8] session_start(): A session had already been started - ignoring /data/www/qxc/ThinkPHP/Common/functions.php 第 1263 行.

[ 2018-08-10T10:46:38+08:00 ] 183.40.130.242 /favicon.ico
INFO: [ app_init ] --START--
INFO: Run Behavior\BuildLiteBehavior [ RunTime:0.000011s ]
INFO: [ app_init ] --END-- [ RunTime:0.000256s ]

[ 2018-08-10T10:46:39+08:00 ] 183.40.130.242 /
INFO: [ app_init ] --START--
INFO: Run Behavior\BuildLiteBehavior [ RunTime:0.000011s ]
INFO: [ app_init ] --END-- [ RunTime:0.000300s ]
INFO: [ app_begin ] --START--
INFO: Run Behavior\ReadHtmlCacheBehavior [ RunTime:0.000347s ]
INFO: [ app_begin ] --END-- [ RunTime:0.000377s ]
NOTIC: [8] session_start(): A session had already been started - ignoring /data/www/qxc/ThinkPHP/Common/functions.php 第 1263 行.

[ 2018-08-10T10:46:39+08:00 ] 183.40.130.242 /Login/index
INFO: [ app_init ] --START--
INFO: Run Behavior\BuildLiteBehavior [ RunTime:0.000020s ]
INFO: [ app_init ] --END-- [ RunTime:0.000218s ]
INFO: [ app_begin ] --START--
INFO: Run Behavior\ReadHtmlCacheBehavior [ RunTime:0.000290s ]
INFO: [ app_begin ] --END-- [ RunTime:0.000320s ]
NOTIC: [8] session_start(): A session had already been started - ignoring /data/www/qxc/ThinkPHP/Common/functions.php 第 1263 行.
INFO: [ view_parse ] --START--
INFO: [ template_filter ] --START--
INFO: Run Behavior\ContentReplaceBehavior [ RunTime:0.000039s ]
INFO: [ template_filter ] --END-- [ RunTime:0.000087s ]
INFO: Run Behavior\ParseTemplateBehavior [ RunTime:0.004286s ]
INFO: [ view_parse ] --END-- [ RunTime:0.004334s ]
INFO: [ view_filter ] --START--
INFO: Run Behavior\WriteHtmlCacheBehavior [ RunTime:0.000107s ]
INFO: [ view_filter ] --END-- [ RunTime:0.000121s ]
INFO: [ app_end ] --START--
INFO: Run Behavior\ShowPageTraceBehavior [ RunTime:0.000302s ]
INFO: [ app_end ] --END-- [ RunTime:0.000319s ]

[ 2018-08-10T10:46:40+08:00 ] 183.40.130.242 /favicon.ico
INFO: [ app_init ] --START--
INFO: Run Behavior\BuildLiteBehavior [ RunTime:0.000013s ]
INFO: [ app_init ] --END-- [ RunTime:0.000274s ]

[ 2018-08-10T10:46:52+08:00 ] 183.40.130.242 /Login/register
INFO: [ app_init ] --START--
INFO: Run Behavior\BuildLiteBehavior [ RunTime:0.000030s ]
INFO: [ app_init ] --END-- [ RunTime:0.000246s ]
INFO: [ app_begin ] --START--
INFO: Run Behavior\ReadHtmlCacheBehavior [ RunTime:0.000310s ]
INFO: [ app_begin ] --END-- [ RunTime:0.000337s ]
NOTIC: [8] session_start(): A session had already been started - ignoring /data/www/qxc/ThinkPHP/Common/functions.php 第 1263 行.
SQL: SHOW COLUMNS FROM `k_admin` [ RunTime:0.0007s ]
SQL: SELECT * FROM `k_admin` WHERE `au_name` = 'admin' LIMIT 1   [ RunTime:0.0004s ]
SQL: UPDATE `k_admin` SET `au_session`='c2d8482be1c9363adb99f0fff45ad277',`login_ip`='183.40.130.242',`login_time`='1533869212',`login_sum`='521' WHERE `au_id` = 1 [ RunTime:0.0042s ]
INFO: [ app_end ] --START--
INFO: Run Behavior\ShowPageTraceBehavior [ RunTime:0.000475s ]
INFO: [ app_end ] --END-- [ RunTime:0.000505s ]

[ 2018-08-10T10:46:52+08:00 ] 183.40.130.242 /Index/index
INFO: [ app_init ] --START--
INFO: Run Behavior\BuildLiteBehavior [ RunTime:0.000008s ]
INFO: [ app_init ] --END-- [ RunTime:0.000220s ]
INFO: [ app_begin ] --START--
INFO: Run Behavior\ReadHtmlCacheBehavior [ RunTime:0.000280s ]
INFO: [ app_begin ] --END-- [ RunTime:0.000304s ]
NOTIC: [8] session_start(): A session had already been started - ignoring /data/www/qxc/ThinkPHP/Common/functions.php 第 1263 行.
SQL: SHOW COLUMNS FROM `k_admin` [ RunTime:0.0007s ]
SQL: SELECT `au_session` FROM `k_admin` WHERE `au_id` = 1 LIMIT 1   [ RunTime:0.0003s ]
SQL: SHOW COLUMNS FROM `k_opentime` [ RunTime:0.0005s ]
SQL: SELECT * FROM `k_opentime` ORDER BY id desc LIMIT 1   [ RunTime:0.0002s ]
NOTIC: [8] Undefined variable: time1 /data/www/qxc/webs1/App/Home/Common/function.php 第 27 行.
NOTIC: [8] Undefined variable: time2 /data/www/qxc/webs1/App/Home/Common/function.php 第 27 行.
NOTIC: [8] Undefined variable: titles2 /data/www/qxc/webs1/App/Home/Common/function.php 第 27 行.
SQL: SHOW COLUMNS FROM `k_news` [ RunTime:0.0003s ]
SQL: SELECT * FROM `k_news` WHERE `n_id` = 1 AND `n_status` = 1 LIMIT 1   [ RunTime:0.0002s ]
INFO: [ view_parse ] --START--
INFO: [ template_filter ] --START--
INFO: Run Behavior\ContentReplaceBehavior [ RunTime:0.000098s ]
INFO: [ template_filter ] --END-- [ RunTime:0.000125s ]
INFO: Run Behavior\ParseTemplateBehavior [ RunTime:0.005631s ]
INFO: [ view_parse ] --END-- [ RunTime:0.005653s ]
INFO: [ view_filter ] --START--
INFO: Run Behavior\WriteHtmlCacheBehavior [ RunTime:0.000109s ]
INFO: [ view_filter ] --END-- [ RunTime:0.000126s ]
INFO: [ app_end ] --START--
INFO: Run Behavior\ShowPageTraceBehavior [ RunTime:0.000346s ]
INFO: [ app_end ] --END-- [ RunTime:0.000368s ]

[ 2018-08-10T10:47:58+08:00 ] 120.204.200.83 /index/index
INFO: [ app_init ] --START--
INFO: Run Behavior\BuildLiteBehavior [ RunTime:0.000008s ]
INFO: [ app_init ] --END-- [ RunTime:0.000303s ]
INFO: [ app_begin ] --START--
INFO: Run Behavior\ReadHtmlCacheBehavior [ RunTime:0.000319s ]
INFO: [ app_begin ] --END-- [ RunTime:0.000346s ]
NOTIC: [8] session_start(): A session had already been started - ignoring /data/www/qxc/ThinkPHP/Common/functions.php 第 1263 行.

[ 2018-08-10T10:48:03+08:00 ] 61.129.6.147 /index/index
INFO: [ app_init ] --START--
INFO: Run Behavior\BuildLiteBehavior [ RunTime:0.000007s ]
INFO: [ app_init ] --END-- [ RunTime:0.000202s ]
INFO: [ app_begin ] --START--
INFO: Run Behavior\ReadHtmlCacheBehavior [ RunTime:0.000299s ]
INFO: [ app_begin ] --END-- [ RunTime:0.000326s ]
NOTIC: [8] session_start(): A session had already been started - ignoring /data/www/qxc/ThinkPHP/Common/functions.php 第 1263 行.

[ 2018-08-10T13:41:30+08:00 ] 183.40.130.242 /Login/logout1
INFO: [ app_init ] --START--
INFO: Run Behavior\BuildLiteBehavior [ RunTime:0.000030s ]
INFO: [ app_init ] --END-- [ RunTime:0.000342s ]
INFO: [ app_begin ] --START--
INFO: Run Behavior\ReadHtmlCacheBehavior [ RunTime:0.000807s ]
INFO: [ app_begin ] --END-- [ RunTime:0.000849s ]
NOTIC: [8] session_start(): A session had already been started - ignoring /data/www/qxc/ThinkPHP/Common/functions.php 第 1263 行.
INFO: [ app_end ] --START--
INFO: Run Behavior\ShowPageTraceBehavior [ RunTime:0.000529s ]
INFO: [ app_end ] --END-- [ RunTime:0.000563s ]

[ 2018-08-10T22:36:21+08:00 ] 183.40.130.242 /favicon.ico
INFO: [ app_init ] --START--
INFO: Run Behavior\BuildLiteBehavior [ RunTime:0.000011s ]
INFO: [ app_init ] --END-- [ RunTime:0.000275s ]

